#
# There is insufficient memory for the Java Runtime Environment to continue.
# Native memory allocation (malloc) failed to allocate 1572184 bytes. Error detail: Chunk::new
# Possible reasons:
#   The system is out of physical RAM or swap space
#   This process is running with CompressedOops enabled, and the Java Heap may be blocking the growth of the native heap
# Possible solutions:
#   Reduce memory load on the system
#   Increase physical memory or swap space
#   Check if swap backing store is full
#   Decrease Java heap size (-Xmx/-Xms)
#   Decrease number of Java threads
#   Decrease Java thread stack sizes (-Xss)
#   Set larger code cache with -XX:ReservedCodeCacheSize=
#   JVM is running with Zero Based Compressed Oops mode in which the Java heap is
#     placed in the first 32GB address space. The Java Heap base address is the
#     maximum limit for the native heap growth. Please use -XX:HeapBaseMinAddress
#     to set the Java Heap base and to place the Java Heap above 32GB virtual address.
# This output file may be truncated or incomplete.
#
#  Out of Memory Error (arena.cpp:193), pid=35720, tid=45496
#
# JRE version: Java(TM) SE Runtime Environment (26.0.1+8) (build 26.0.1+8-34)
# Java VM: Java HotSpot(TM) 64-Bit Server VM (26.0.1+8-34, mixed mode, sharing, tiered, compressed oops, compressed class ptrs, g1 gc, windows-amd64)
# No core dump will be written. Minidumps are not enabled by default on client versions of Windows
#

---------------  S U M M A R Y ------------

Command Line: -javaagent:C:\Program Files\JetBrains\IntelliJ IDEA 2026.1.1\lib\idea_rt.jar=64072 -Dfile.encoding=UTF-8 -Dsun.stdout.encoding=UTF-8 -Dsun.stderr.encoding=UTF-8 sn.epf.pointage.Launcher

Host: 12th Gen Intel(R) Core(TM) i7-1255U, 12 cores, 15G,  Windows 11 , 64 bit Build 26100 (10.0.26100.8521)
Time: Thu Jun  4 18:51:18 2026 Greenwich elapsed time: 5302.639040 seconds (0d 1h 28m 22s)

---------------  T H R E A D  ---------------

Current thread (0x000002d057eae7d0):  JavaThread "C2 CompilerThread0" daemon [_thread_in_native, id=45496, stack(0x000000eb5a200000,0x000000eb5a300000) (1024K)]


Current CompileTask:
C2:5302640 16841   !   4       com.sun.javafx.collections.VetoableListDecorator::add (61 bytes)

Stack: [0x000000eb5a200000,0x000000eb5a300000]
Native frames: (J=compiled Java code, j=interpreted, Vv=VM code, C=native code)
V  [jvm.dll+0x7d5879]  (no source info available)
V  [jvm.dll+0x7a37dd]  (no source info available)
V  [jvm.dll+0x9b0c10]  (no source info available)
V  [jvm.dll+0x9b3061]  (no source info available)
V  [jvm.dll+0x9b3773]  (no source info available)
V  [jvm.dll+0x30df76]  (no source info available)
V  [jvm.dll+0x11d8a6]  (no source info available)
V  [jvm.dll+0x11dbce]  (no source info available)
V  [jvm.dll+0x1afbe6]  (no source info available)
V  [jvm.dll+0x3ca822]  (no source info available)
V  [jvm.dll+0x7de462]  (no source info available)
V  [jvm.dll+0x2d1647]  (no source info available)
V  [jvm.dll+0x2d05bf]  (no source info available)
V  [jvm.dll+0x246820]  (no source info available)
V  [jvm.dll+0x2e06dc]  (no source info available)
V  [jvm.dll+0x2de8bd]  (no source info available)
V  [jvm.dll+0x4a3ff1]  (no source info available)
V  [jvm.dll+0x94f649]  (no source info available)
V  [jvm.dll+0x7d7358]  (no source info available)
C  [ucrtbase.dll+0x2cd30]  (no source info available)
C  [KERNEL32.DLL+0x2e957]  (no source info available)
C  [ntdll.dll+0x87c1c]  (no source info available)

Lock stack of current Java thread (top to bottom):


---------------  P R O C E S S  ---------------

Threads class SMR info:
_java_thread_list=0x000002d063703350, length=21, elements={
0x000002d035549940, 0x000002d057e6e520, 0x000002d057e6ef70, 0x000002d057e72510,
0x000002d057e75610, 0x000002d057e7b010, 0x000002d057e798b0, 0x000002d057eae7d0,
0x000002d057eb5000, 0x000002d05c14f320, 0x000002d05c5bba40, 0x000002d05c611390,
0x000002d05cd58890, 0x000002d05d19dda0, 0x000002d05d365a00, 0x000002d05d8b2480,
0x000002d05c8dc770, 0x000002d062faf7d0, 0x000002d05c172cd0, 0x000002d05c1705c0,
0x000002d0649a4010
}

Java Threads: ( => current thread )
  0x000002d035549940 JavaThread "main"                              [_thread_blocked, id=39956, stack(0x000000eb59300000,0x000000eb59400000) (1024K)]
  0x000002d057e6e520 JavaThread "Reference Handler"          daemon [_thread_blocked, id=25748, stack(0x000000eb59c00000,0x000000eb59d00000) (1024K)]
  0x000002d057e6ef70 JavaThread "Finalizer"                  daemon [_thread_blocked, id=42032, stack(0x000000eb59d00000,0x000000eb59e00000) (1024K)]
  0x000002d057e72510 JavaThread "Signal Dispatcher"          daemon [_thread_blocked, id=7008, stack(0x000000eb59e00000,0x000000eb59f00000) (1024K)]
  0x000002d057e75610 JavaThread "Attach Listener"            daemon [_thread_blocked, id=34396, stack(0x000000eb59f00000,0x000000eb5a000000) (1024K)]
  0x000002d057e7b010 JavaThread "Service Thread"             daemon [_thread_blocked, id=38636, stack(0x000000eb5a000000,0x000000eb5a100000) (1024K)]
  0x000002d057e798b0 JavaThread "Monitor Deflation Thread"   daemon [_thread_blocked, id=40040, stack(0x000000eb5a100000,0x000000eb5a200000) (1024K)]
=>0x000002d057eae7d0 JavaThread "C2 CompilerThread0"         daemon [_thread_in_native, id=45496, stack(0x000000eb5a200000,0x000000eb5a300000) (1024K)]
  0x000002d057eb5000 JavaThread "C1 CompilerThread0"         daemon [_thread_blocked, id=45700, stack(0x000000eb5a300000,0x000000eb5a400000) (1024K)]
  0x000002d05c14f320 JavaThread "Common-Cleaner"             daemon [_thread_blocked, id=36720, stack(0x000000eb5a400000,0x000000eb5a500000) (1024K)]
  0x000002d05c5bba40 JavaThread "Notification Thread"        daemon [_thread_blocked, id=21740, stack(0x000000eb5a800000,0x000000eb5a900000) (1024K)]
  0x000002d05c611390 JavaThread "JavaFX-Launcher"                   [_thread_blocked, id=47408, stack(0x000000eb5a500000,0x000000eb5a600000) (1024K)]
  0x000002d05cd58890 JavaThread "QuantumRenderer-0"          daemon [_thread_blocked, id=15812, stack(0x000000eb5ab00000,0x000000eb5ac00000) (1024K)]
  0x000002d05d19dda0 JavaThread "InvokeLaterDispatcher"      daemon [_thread_blocked, id=24460, stack(0x000000eb5ac00000,0x000000eb5ad00000) (1024K)]
  0x000002d05d365a00 JavaThread "JavaFX Application Thread"         [_thread_in_native, id=44448, stack(0x000000eb5ad00000,0x000000eb5ae00000) (1024K)]
  0x000002d05d8b2480 JavaThread "Thread-2"                   daemon [_thread_in_native, id=20696, stack(0x000000eb5bd00000,0x000000eb5be00000) (1024K)]
  0x000002d05c8dc770 JavaThread "mysql-cj-abandoned-connection-cleanup" daemon [_thread_blocked, id=19964, stack(0x000000eb5c000000,0x000000eb5c100000) (1024K)]
  0x000002d062faf7d0 JavaThread "Hibernate Connection Pool Validation Thread" daemon [_thread_blocked, id=34164, stack(0x000000eb5c100000,0x000000eb5c200000) (1024K)]
  0x000002d05c172cd0 JavaThread "Prism Font Disposer"        daemon [_thread_blocked, id=37432, stack(0x000000eb5c800000,0x000000eb5c900000) (1024K)]
  0x000002d05c1705c0 JavaThread "InnocuousThread-1"          daemon [_thread_blocked, id=15880, stack(0x000000eb5c900000,0x000000eb5ca00000) (1024K)]
  0x000002d0649a4010 JavaThread "Cleaner-0"                  daemon [_thread_blocked, id=34892, stack(0x000000eb5cd00000,0x000000eb5ce00000) (1024K)]
Total: 21

Other Threads:
  0x000002d057e5cd00 VMThread "VM Thread"                           [id=30264, stack(0x000000eb59b00000,0x000000eb59c00000) (1024K)]
  0x000002d057e4aa20 WatcherThread "VM Periodic Task Thread"        [id=27968, stack(0x000000eb59a00000,0x000000eb59b00000) (1024K)]
  0x000002d0359f2af0 WorkerThread "GC Thread#0"                     [id=3080, stack(0x000000eb59400000,0x000000eb59500000) (1024K)]
  0x000002d05c284750 WorkerThread "GC Thread#1"                     [id=47996, stack(0x000000eb5a600000,0x000000eb5a700000) (1024K)]
  0x000002d05ca6a990 WorkerThread "GC Thread#2"                     [id=2056, stack(0x000000eb5a900000,0x000000eb5aa00000) (1024K)]
  0x000002d05ca6adb0 WorkerThread "GC Thread#3"                     [id=46684, stack(0x000000eb5aa00000,0x000000eb5ab00000) (1024K)]
  0x000002d05d80ade0 WorkerThread "GC Thread#4"                     [id=42968, stack(0x000000eb5be00000,0x000000eb5bf00000) (1024K)]
  0x000002d05d80bd80 WorkerThread "GC Thread#5"                     [id=27676, stack(0x000000eb5bf00000,0x000000eb5c000000) (1024K)]
  0x000002d05ca17fd0 WorkerThread "GC Thread#6"                     [id=38036, stack(0x000000eb5c200000,0x000000eb5c300000) (1024K)]
  0x000002d05c6530b0 WorkerThread "GC Thread#7"                     [id=26836, stack(0x000000eb5c300000,0x000000eb5c400000) (1024K)]
  0x000002d05c6534d0 WorkerThread "GC Thread#8"                     [id=46408, stack(0x000000eb5c400000,0x000000eb5c500000) (1024K)]
  0x000002d05c655920 WorkerThread "GC Thread#9"                     [id=46624, stack(0x000000eb5c500000,0x000000eb5c600000) (1024K)]
  0x000002d035a0b450 ConcurrentGCThread "G1 Main Marker"            [id=34256, stack(0x000000eb59500000,0x000000eb59600000) (1024K)]
  0x000002d035a0dfe0 WorkerThread "G1 Conc#0"                       [id=36324, stack(0x000000eb59600000,0x000000eb59700000) (1024K)]
  0x000002d05c7b02f0 WorkerThread "G1 Conc#1"                       [id=21960, stack(0x000000eb5c600000,0x000000eb5c700000) (1024K)]
  0x000002d05c7af1b0 WorkerThread "G1 Conc#2"                       [id=32232, stack(0x000000eb5c700000,0x000000eb5c800000) (1024K)]
  0x000002d035a52d70 WorkerThread "G1 Refinement Workers#0"         [id=21424, stack(0x000000eb59800000,0x000000eb59900000) (1024K)]
  0x000002d035a521b0 ConcurrentGCThread "G1 Refine Control"         [id=7300, stack(0x000000eb59700000,0x000000eb59800000) (1024K)]
  0x000002d035a57550 ConcurrentGCThread "G1 Service"                [id=24668, stack(0x000000eb59900000,0x000000eb59a00000) (1024K)]
Total: 19

Threads with active compile tasks:
C2 CompilerThread0  5302986 16841   !   4       com.sun.javafx.collections.VetoableListDecorator::add (61 bytes)
Total: 1

VM state: not at safepoint (normal execution)

VM Mutex/Monitor currently owned by a thread: None

Heap address: 0x0000000704e00000, size: 4018 MB, Compressed Oops mode: Zero based, Oop shift amount: 3

CDS archive(s) mapped at: [0x000000001d000000-0x000000001dde0000-0x000000001dde0000), size 14548992, SharedBaseAddress: 0x000000001d000000, ArchiveRelocationMode: 1.
Compressed class space mapped at: 0x000000001e000000-0x000000005e000000, reserved size: 1073741824
UseCompressedClassPointers 1, UseCompactObjectHeaders 0
Narrow klass pointer bits 32, Max shift 3
Narrow klass base: 0x000000001d000000, Narrow klass shift: 0
Encoding Range: [0x000000001d000000 - 0x000000011d000000), (4294967296 bytes)
Klass Range:    [0x000000001d000000 - 0x000000005e000000), (1090519040 bytes)
Klass ID Range:  [8 - 1090519033) (1090519025)
Protection zone: [0x000000001d000000 - 0x000000001d010000), (65536 bytes)

GC Precious Log:
 CardTable entry size: 512
 Card Set container configuration: InlinePtr #cards 4 size 8 Array Of Cards #cards 16 size 48 Howl #buckets 8 coarsen threshold 3686 Howl Bitmap #cards 512 size 80 coarsen threshold 460 Card regions per heap region 1 cards per card region 4096
 CPUs: 12 total, 12 available
 Memory: 16067M
 Large Page Support: Disabled
 NUMA Support: Disabled
 Compressed Oops: Enabled (Zero based)
 Heap Region Size: 2M
 Heap Min Capacity: 8M
 Heap Initial Capacity: 8M
 Heap Max Capacity: 4018M
 Pre-touch: Disabled
 Parallel Workers: 10
 Concurrent Workers: 3
 Concurrent Refinement Workers: 10
 Periodic GC: Disabled

Heap:
 garbage-first heap   total reserved 4114432K, committed 387072K, used 235697K [0x0000000704e00000, 0x0000000800000000)
  region size 2M, 99 eden (198M), 1 survivor (2M), 15 old (30M), 2 humongous (4M), 72 free (144M)

Heap Regions: E=young(eden), S=young(survivor), O=old, HS=humongous(starts), HC=humongous(continues), CS=collection set, F=free, TAMS=top-at-mark-start, PB=parsable bottom
|    0|0x0000000704e00000, 0x0000000705000000, 0x0000000705000000|100%| O|  |TAMS 0x0000000704e00000| PB 0x0000000704e00000| Untracked |  0
|    1|0x0000000705000000, 0x0000000705200000, 0x0000000705200000|100%| O|  |TAMS 0x0000000705000000| PB 0x0000000705000000| Untracked |  0
|    2|0x0000000705200000, 0x0000000705400000, 0x0000000705400000|100%| O|  |TAMS 0x0000000705200000| PB 0x0000000705200000| Untracked |  0
|    3|0x0000000705400000, 0x0000000705600000, 0x0000000705600000|100%| O|  |TAMS 0x0000000705400000| PB 0x0000000705400000| Untracked |  0
|    4|0x0000000705600000, 0x0000000705800000, 0x0000000705800000|100%| O|  |TAMS 0x0000000705600000| PB 0x0000000705600000| Untracked |  0
|    5|0x0000000705800000, 0x0000000705a00000, 0x0000000705a00000|100%| O|  |TAMS 0x0000000705800000| PB 0x0000000705800000| Untracked |  0
|    6|0x0000000705a00000, 0x0000000705c00000, 0x0000000705c00000|100%| O|  |TAMS 0x0000000705a00000| PB 0x0000000705a00000| Untracked |  0
|    7|0x0000000705c00000, 0x0000000705e00000, 0x0000000705e00000|100%| O|  |TAMS 0x0000000705c00000| PB 0x0000000705c00000| Untracked |  0
|    8|0x0000000705e00000, 0x0000000706000000, 0x0000000706000000|100%| O|  |TAMS 0x0000000705e00000| PB 0x0000000705e00000| Untracked |  0
|    9|0x0000000706000000, 0x0000000706200000, 0x0000000706200000|100%| O|  |TAMS 0x0000000706000000| PB 0x0000000706000000| Untracked |  0
|   10|0x0000000706200000, 0x00000007063a3aa0, 0x0000000706400000| 81%| O|  |TAMS 0x0000000706200000| PB 0x0000000706200000| Untracked |  0
|   11|0x0000000706400000, 0x0000000706600000, 0x0000000706600000|100%| O|  |TAMS 0x0000000706400000| PB 0x0000000706400000| Untracked |  0
|   12|0x0000000706600000, 0x0000000706800000, 0x0000000706800000|100%| O|  |TAMS 0x0000000706600000| PB 0x0000000706600000| Untracked |  0
|   13|0x0000000706800000, 0x0000000706800000, 0x0000000706a00000|  0%| F|  |TAMS 0x0000000706800000| PB 0x0000000706800000| Untracked |  0
|   14|0x0000000706a00000, 0x0000000706a00000, 0x0000000706c00000|  0%| F|  |TAMS 0x0000000706a00000| PB 0x0000000706a00000| Untracked |  0
|   15|0x0000000706c00000, 0x0000000706c00000, 0x0000000706e00000|  0%| F|  |TAMS 0x0000000706c00000| PB 0x0000000706c00000| Untracked |  0
|   16|0x0000000706e00000, 0x0000000706e00000, 0x0000000707000000|  0%| F|  |TAMS 0x0000000706e00000| PB 0x0000000706e00000| Untracked |  0
|   17|0x0000000707000000, 0x0000000707200000, 0x0000000707200000|100%|HS|  |TAMS 0x0000000707000000| PB 0x0000000707000000| Complete  |  0
|   18|0x0000000707200000, 0x0000000707200000, 0x0000000707400000|  0%| F|  |TAMS 0x0000000707200000| PB 0x0000000707200000| Untracked |  0
|   19|0x0000000707400000, 0x0000000707600000, 0x0000000707600000|100%|HS|  |TAMS 0x0000000707400000| PB 0x0000000707400000| Complete  |  0
|   20|0x0000000707600000, 0x0000000707600000, 0x0000000707800000|  0%| F|  |TAMS 0x0000000707600000| PB 0x0000000707600000| Untracked |  0
|   21|0x0000000707800000, 0x0000000707800000, 0x0000000707a00000|  0%| F|  |TAMS 0x0000000707800000| PB 0x0000000707800000| Untracked |  0
|   22|0x0000000707a00000, 0x0000000707a00000, 0x0000000707c00000|  0%| F|  |TAMS 0x0000000707a00000| PB 0x0000000707a00000| Untracked |  0
|   23|0x0000000707c00000, 0x0000000707c00000, 0x0000000707e00000|  0%| F|  |TAMS 0x0000000707c00000| PB 0x0000000707c00000| Untracked |  0
|   24|0x0000000707e00000, 0x0000000707e00000, 0x0000000708000000|  0%| F|  |TAMS 0x0000000707e00000| PB 0x0000000707e00000| Untracked |  0
|   25|0x0000000708000000, 0x0000000708000000, 0x0000000708200000|  0%| F|  |TAMS 0x0000000708000000| PB 0x0000000708000000| Untracked |  0
|   26|0x0000000708200000, 0x0000000708200000, 0x0000000708400000|  0%| F|  |TAMS 0x0000000708200000| PB 0x0000000708200000| Untracked |  0
|   27|0x0000000708400000, 0x0000000708400000, 0x0000000708600000|  0%| F|  |TAMS 0x0000000708400000| PB 0x0000000708400000| Untracked |  0
|   28|0x0000000708600000, 0x0000000708600000, 0x0000000708800000|  0%| F|  |TAMS 0x0000000708600000| PB 0x0000000708600000| Untracked |  0
|   29|0x0000000708800000, 0x0000000708800000, 0x0000000708a00000|  0%| F|  |TAMS 0x0000000708800000| PB 0x0000000708800000| Untracked |  0
|   30|0x0000000708a00000, 0x0000000708a00000, 0x0000000708c00000|  0%| F|  |TAMS 0x0000000708a00000| PB 0x0000000708a00000| Untracked |  0
|   31|0x0000000708c00000, 0x0000000708c00000, 0x0000000708e00000|  0%| F|  |TAMS 0x0000000708c00000| PB 0x0000000708c00000| Untracked |  0
|   32|0x0000000708e00000, 0x0000000708e00000, 0x0000000709000000|  0%| F|  |TAMS 0x0000000708e00000| PB 0x0000000708e00000| Untracked |  0
|   33|0x0000000709000000, 0x0000000709000000, 0x0000000709200000|  0%| F|  |TAMS 0x0000000709000000| PB 0x0000000709000000| Untracked |  0
|   34|0x0000000709200000, 0x0000000709200000, 0x0000000709400000|  0%| F|  |TAMS 0x0000000709200000| PB 0x0000000709200000| Untracked |  0
|   35|0x0000000709400000, 0x0000000709400000, 0x0000000709600000|  0%| F|  |TAMS 0x0000000709400000| PB 0x0000000709400000| Untracked |  0
|   36|0x0000000709600000, 0x0000000709600000, 0x0000000709800000|  0%| F|  |TAMS 0x0000000709600000| PB 0x0000000709600000| Untracked |  0
|   37|0x0000000709800000, 0x0000000709800000, 0x0000000709a00000|  0%| F|  |TAMS 0x0000000709800000| PB 0x0000000709800000| Untracked |  0
|   38|0x0000000709a00000, 0x0000000709a00000, 0x0000000709c00000|  0%| F|  |TAMS 0x0000000709a00000| PB 0x0000000709a00000| Untracked |  0
|   39|0x0000000709c00000, 0x0000000709c00000, 0x0000000709e00000|  0%| F|  |TAMS 0x0000000709c00000| PB 0x0000000709c00000| Untracked |  0
|   40|0x0000000709e00000, 0x0000000709e00000, 0x000000070a000000|  0%| F|  |TAMS 0x0000000709e00000| PB 0x0000000709e00000| Untracked |  0
|   41|0x000000070a000000, 0x000000070a000000, 0x000000070a200000|  0%| F|  |TAMS 0x000000070a000000| PB 0x000000070a000000| Untracked |  0
|   42|0x000000070a200000, 0x000000070a200000, 0x000000070a400000|  0%| F|  |TAMS 0x000000070a200000| PB 0x000000070a200000| Untracked |  0
|   43|0x000000070a400000, 0x000000070a400000, 0x000000070a600000|  0%| F|  |TAMS 0x000000070a400000| PB 0x000000070a400000| Untracked |  0
|   44|0x000000070a600000, 0x000000070a600000, 0x000000070a800000|  0%| F|  |TAMS 0x000000070a600000| PB 0x000000070a600000| Untracked |  0
|   45|0x000000070a800000, 0x000000070a800000, 0x000000070aa00000|  0%| F|  |TAMS 0x000000070a800000| PB 0x000000070a800000| Untracked |  0
|   46|0x000000070aa00000, 0x000000070aa00000, 0x000000070ac00000|  0%| F|  |TAMS 0x000000070aa00000| PB 0x000000070aa00000| Untracked |  0
|   47|0x000000070ac00000, 0x000000070ac00000, 0x000000070ae00000|  0%| F|  |TAMS 0x000000070ac00000| PB 0x000000070ac00000| Untracked |  0
|   48|0x000000070ae00000, 0x000000070ae00000, 0x000000070b000000|  0%| F|  |TAMS 0x000000070ae00000| PB 0x000000070ae00000| Untracked |  0
|   49|0x000000070b000000, 0x000000070b000000, 0x000000070b200000|  0%| F|  |TAMS 0x000000070b000000| PB 0x000000070b000000| Untracked |  0
|   50|0x000000070b200000, 0x000000070b200000, 0x000000070b400000|  0%| F|  |TAMS 0x000000070b200000| PB 0x000000070b200000| Untracked |  0
|   51|0x000000070b400000, 0x000000070b400000, 0x000000070b600000|  0%| F|  |TAMS 0x000000070b400000| PB 0x000000070b400000| Untracked |  0
|   52|0x000000070b600000, 0x000000070b600000, 0x000000070b800000|  0%| F|  |TAMS 0x000000070b600000| PB 0x000000070b600000| Untracked |  0
|   53|0x000000070b800000, 0x000000070b800000, 0x000000070ba00000|  0%| F|  |TAMS 0x000000070b800000| PB 0x000000070b800000| Untracked |  0
|   54|0x000000070ba00000, 0x000000070ba00000, 0x000000070bc00000|  0%| F|  |TAMS 0x000000070ba00000| PB 0x000000070ba00000| Untracked |  0
|   55|0x000000070bc00000, 0x000000070bc00000, 0x000000070be00000|  0%| F|  |TAMS 0x000000070bc00000| PB 0x000000070bc00000| Untracked |  0
|   56|0x000000070be00000, 0x000000070be00000, 0x000000070c000000|  0%| F|  |TAMS 0x000000070be00000| PB 0x000000070be00000| Untracked |  0
|   57|0x000000070c000000, 0x000000070c000000, 0x000000070c200000|  0%| F|  |TAMS 0x000000070c000000| PB 0x000000070c000000| Untracked |  0
|   58|0x000000070c200000, 0x000000070c200000, 0x000000070c400000|  0%| F|  |TAMS 0x000000070c200000| PB 0x000000070c200000| Untracked |  0
|   59|0x000000070c400000, 0x000000070c400000, 0x000000070c600000|  0%| F|  |TAMS 0x000000070c400000| PB 0x000000070c400000| Untracked |  0
|   60|0x000000070c600000, 0x000000070c600000, 0x000000070c800000|  0%| F|  |TAMS 0x000000070c600000| PB 0x000000070c600000| Untracked |  0
|   61|0x000000070c800000, 0x000000070c800000, 0x000000070ca00000|  0%| F|  |TAMS 0x000000070c800000| PB 0x000000070c800000| Untracked |  0
|   62|0x000000070ca00000, 0x000000070ca00000, 0x000000070cc00000|  0%| F|  |TAMS 0x000000070ca00000| PB 0x000000070ca00000| Untracked |  0
|   63|0x000000070cc00000, 0x000000070cc00000, 0x000000070ce00000|  0%| F|  |TAMS 0x000000070cc00000| PB 0x000000070cc00000| Untracked |  0
|   64|0x000000070ce00000, 0x000000070ce00000, 0x000000070d000000|  0%| F|  |TAMS 0x000000070ce00000| PB 0x000000070ce00000| Untracked |  0
|   65|0x000000070d000000, 0x000000070d000000, 0x000000070d200000|  0%| F|  |TAMS 0x000000070d000000| PB 0x000000070d000000| Untracked |  0
|   66|0x000000070d200000, 0x000000070d200000, 0x000000070d400000|  0%| F|  |TAMS 0x000000070d200000| PB 0x000000070d200000| Untracked |  0
|   67|0x000000070d400000, 0x000000070d400000, 0x000000070d600000|  0%| F|  |TAMS 0x000000070d400000| PB 0x000000070d400000| Untracked |  0
|   68|0x000000070d600000, 0x000000070d600000, 0x000000070d800000|  0%| F|  |TAMS 0x000000070d600000| PB 0x000000070d600000| Untracked |  0
|   69|0x000000070d800000, 0x000000070d800000, 0x000000070da00000|  0%| F|  |TAMS 0x000000070d800000| PB 0x000000070d800000| Untracked |  0
|   70|0x000000070da00000, 0x000000070da00000, 0x000000070dc00000|  0%| F|  |TAMS 0x000000070da00000| PB 0x000000070da00000| Untracked |  0
|   71|0x000000070dc00000, 0x000000070dc00000, 0x000000070de00000|  0%| F|  |TAMS 0x000000070dc00000| PB 0x000000070dc00000| Untracked |  0
|   72|0x000000070de00000, 0x000000070de00000, 0x000000070e000000|  0%| F|  |TAMS 0x000000070de00000| PB 0x000000070de00000| Untracked |  0
|   73|0x000000070e000000, 0x000000070e088c70, 0x000000070e200000| 26%| S|CS|TAMS 0x000000070e000000| PB 0x000000070e000000| Complete  |  0
|   74|0x000000070e200000, 0x000000070e200000, 0x000000070e400000|  0%| F|  |TAMS 0x000000070e200000| PB 0x000000070e200000| Untracked |  0
|   75|0x000000070e400000, 0x000000070e400000, 0x000000070e600000|  0%| F|  |TAMS 0x000000070e400000| PB 0x000000070e400000| Untracked |  0
|   76|0x000000070e600000, 0x000000070e600000, 0x000000070e800000|  0%| F|  |TAMS 0x000000070e600000| PB 0x000000070e600000| Untracked |  0
|   77|0x000000070e800000, 0x000000070e800000, 0x000000070ea00000|  0%| F|  |TAMS 0x000000070e800000| PB 0x000000070e800000| Untracked |  0
|   78|0x000000070ea00000, 0x000000070ea00000, 0x000000070ec00000|  0%| F|  |TAMS 0x000000070ea00000| PB 0x000000070ea00000| Untracked |  0
|   79|0x000000070ec00000, 0x000000070ec00000, 0x000000070ee00000|  0%| F|  |TAMS 0x000000070ec00000| PB 0x000000070ec00000| Untracked |  0
|   80|0x000000070ee00000, 0x000000070ee00000, 0x000000070f000000|  0%| F|  |TAMS 0x000000070ee00000| PB 0x000000070ee00000| Untracked |  0
|   81|0x000000070f000000, 0x000000070f000000, 0x000000070f200000|  0%| F|  |TAMS 0x000000070f000000| PB 0x000000070f000000| Untracked |  0
|   82|0x000000070f200000, 0x000000070f200000, 0x000000070f400000|  0%| F|  |TAMS 0x000000070f200000| PB 0x000000070f200000| Untracked |  0
|   83|0x000000070f400000, 0x000000070f400000, 0x000000070f600000|  0%| F|  |TAMS 0x000000070f400000| PB 0x000000070f400000| Untracked |  0
|   84|0x000000070f600000, 0x000000070f600000, 0x000000070f800000|  0%| F|  |TAMS 0x000000070f600000| PB 0x000000070f600000| Untracked |  0
|   85|0x000000070f800000, 0x000000070f800000, 0x000000070fa00000|  0%| F|  |TAMS 0x000000070f800000| PB 0x000000070f800000| Untracked |  0
|   86|0x000000070fa00000, 0x000000070fa00000, 0x000000070fc00000|  0%| F|  |TAMS 0x000000070fa00000| PB 0x000000070fa00000| Untracked |  0
|   87|0x000000070fc00000, 0x000000070fc00000, 0x000000070fe00000|  0%| F|  |TAMS 0x000000070fc00000| PB 0x000000070fc00000| Untracked |  0
|   88|0x000000070fe00000, 0x000000070fe035e8, 0x0000000710000000|  0%| E|CS|TAMS 0x000000070fe00000| PB 0x000000070fe00000| Complete  |  0
|   89|0x0000000710000000, 0x0000000710200000, 0x0000000710200000|100%| E|CS|TAMS 0x0000000710000000| PB 0x0000000710000000| Complete  |  0
|   90|0x0000000710200000, 0x0000000710400000, 0x0000000710400000|100%| E|CS|TAMS 0x0000000710200000| PB 0x0000000710200000| Complete  |  0
|   91|0x0000000710400000, 0x0000000710600000, 0x0000000710600000|100%| E|CS|TAMS 0x0000000710400000| PB 0x0000000710400000| Complete  |  0
|   92|0x0000000710600000, 0x0000000710800000, 0x0000000710800000|100%| E|CS|TAMS 0x0000000710600000| PB 0x0000000710600000| Complete  |  0
|   93|0x0000000710800000, 0x0000000710a00000, 0x0000000710a00000|100%| E|CS|TAMS 0x0000000710800000| PB 0x0000000710800000| Complete  |  0
|   94|0x0000000710a00000, 0x0000000710c00000, 0x0000000710c00000|100%| E|CS|TAMS 0x0000000710a00000| PB 0x0000000710a00000| Complete  |  0
|   95|0x0000000710c00000, 0x0000000710e00000, 0x0000000710e00000|100%| E|CS|TAMS 0x0000000710c00000| PB 0x0000000710c00000| Complete  |  0
|   96|0x0000000710e00000, 0x0000000711000000, 0x0000000711000000|100%| E|CS|TAMS 0x0000000710e00000| PB 0x0000000710e00000| Complete  |  0
|   97|0x0000000711000000, 0x0000000711200000, 0x0000000711200000|100%| E|CS|TAMS 0x0000000711000000| PB 0x0000000711000000| Complete  |  0
|   98|0x0000000711200000, 0x0000000711400000, 0x0000000711400000|100%| E|CS|TAMS 0x0000000711200000| PB 0x0000000711200000| Complete  |  0
|   99|0x0000000711400000, 0x0000000711600000, 0x0000000711600000|100%| E|CS|TAMS 0x0000000711400000| PB 0x0000000711400000| Complete  |  0
|  100|0x0000000711600000, 0x0000000711800000, 0x0000000711800000|100%| E|CS|TAMS 0x0000000711600000| PB 0x0000000711600000| Complete  |  0
|  101|0x0000000711800000, 0x0000000711a00000, 0x0000000711a00000|100%| E|CS|TAMS 0x0000000711800000| PB 0x0000000711800000| Complete  |  0
|  102|0x0000000711a00000, 0x0000000711c00000, 0x0000000711c00000|100%| E|CS|TAMS 0x0000000711a00000| PB 0x0000000711a00000| Complete  |  0
|  103|0x0000000711c00000, 0x0000000711e00000, 0x0000000711e00000|100%| E|CS|TAMS 0x0000000711c00000| PB 0x0000000711c00000| Complete  |  0
|  104|0x0000000711e00000, 0x0000000712000000, 0x0000000712000000|100%| E|CS|TAMS 0x0000000711e00000| PB 0x0000000711e00000| Complete  |  0
|  105|0x0000000712000000, 0x0000000712200000, 0x0000000712200000|100%| E|CS|TAMS 0x0000000712000000| PB 0x0000000712000000| Complete  |  0
|  106|0x0000000712200000, 0x0000000712400000, 0x0000000712400000|100%| E|CS|TAMS 0x0000000712200000| PB 0x0000000712200000| Complete  |  0
|  107|0x0000000712400000, 0x0000000712600000, 0x0000000712600000|100%| E|CS|TAMS 0x0000000712400000| PB 0x0000000712400000| Complete  |  0
|  108|0x0000000712600000, 0x0000000712800000, 0x0000000712800000|100%| E|CS|TAMS 0x0000000712600000| PB 0x0000000712600000| Complete  |  0
|  109|0x0000000712800000, 0x0000000712a00000, 0x0000000712a00000|100%| E|CS|TAMS 0x0000000712800000| PB 0x0000000712800000| Complete  |  0
|  110|0x0000000712a00000, 0x0000000712c00000, 0x0000000712c00000|100%| E|CS|TAMS 0x0000000712a00000| PB 0x0000000712a00000| Complete  |  0
|  111|0x0000000712c00000, 0x0000000712e00000, 0x0000000712e00000|100%| E|CS|TAMS 0x0000000712c00000| PB 0x0000000712c00000| Complete  |  0
|  112|0x0000000712e00000, 0x0000000713000000, 0x0000000713000000|100%| E|CS|TAMS 0x0000000712e00000| PB 0x0000000712e00000| Complete  |  0
|  113|0x0000000713000000, 0x0000000713200000, 0x0000000713200000|100%| E|CS|TAMS 0x0000000713000000| PB 0x0000000713000000| Complete  |  0
|  114|0x0000000713200000, 0x0000000713400000, 0x0000000713400000|100%| E|CS|TAMS 0x0000000713200000| PB 0x0000000713200000| Complete  |  0
|  115|0x0000000713400000, 0x0000000713600000, 0x0000000713600000|100%| E|CS|TAMS 0x0000000713400000| PB 0x0000000713400000| Complete  |  0
|  116|0x0000000713600000, 0x0000000713800000, 0x0000000713800000|100%| E|CS|TAMS 0x0000000713600000| PB 0x0000000713600000| Complete  |  0
|  117|0x0000000713800000, 0x0000000713a00000, 0x0000000713a00000|100%| E|CS|TAMS 0x0000000713800000| PB 0x0000000713800000| Complete  |  0
|  118|0x0000000713a00000, 0x0000000713c00000, 0x0000000713c00000|100%| E|CS|TAMS 0x0000000713a00000| PB 0x0000000713a00000| Complete  |  0
|  119|0x0000000713c00000, 0x0000000713e00000, 0x0000000713e00000|100%| E|CS|TAMS 0x0000000713c00000| PB 0x0000000713c00000| Complete  |  0
|  120|0x0000000713e00000, 0x0000000714000000, 0x0000000714000000|100%| E|CS|TAMS 0x0000000713e00000| PB 0x0000000713e00000| Complete  |  0
|  121|0x0000000714000000, 0x0000000714200000, 0x0000000714200000|100%| E|CS|TAMS 0x0000000714000000| PB 0x0000000714000000| Complete  |  0
|  122|0x0000000714200000, 0x0000000714400000, 0x0000000714400000|100%| E|CS|TAMS 0x0000000714200000| PB 0x0000000714200000| Complete  |  0
|  123|0x0000000714400000, 0x0000000714600000, 0x0000000714600000|100%| E|CS|TAMS 0x0000000714400000| PB 0x0000000714400000| Complete  |  0
|  124|0x0000000714600000, 0x0000000714800000, 0x0000000714800000|100%| E|CS|TAMS 0x0000000714600000| PB 0x0000000714600000| Complete  |  0
|  125|0x0000000714800000, 0x0000000714a00000, 0x0000000714a00000|100%| E|CS|TAMS 0x0000000714800000| PB 0x0000000714800000| Complete  |  0
|  126|0x0000000714a00000, 0x0000000714c00000, 0x0000000714c00000|100%| E|CS|TAMS 0x0000000714a00000| PB 0x0000000714a00000| Complete  |  0
|  127|0x0000000714c00000, 0x0000000714e00000, 0x0000000714e00000|100%| E|CS|TAMS 0x0000000714c00000| PB 0x0000000714c00000| Complete  |  0
|  128|0x0000000714e00000, 0x0000000715000000, 0x0000000715000000|100%| E|CS|TAMS 0x0000000714e00000| PB 0x0000000714e00000| Complete  |  0
|  129|0x0000000715000000, 0x0000000715200000, 0x0000000715200000|100%| E|CS|TAMS 0x0000000715000000| PB 0x0000000715000000| Complete  |  0
|  130|0x0000000715200000, 0x0000000715400000, 0x0000000715400000|100%| E|CS|TAMS 0x0000000715200000| PB 0x0000000715200000| Complete  |  0
|  131|0x0000000715400000, 0x0000000715600000, 0x0000000715600000|100%| E|CS|TAMS 0x0000000715400000| PB 0x0000000715400000| Complete  |  0
|  132|0x0000000715600000, 0x0000000715800000, 0x0000000715800000|100%| E|CS|TAMS 0x0000000715600000| PB 0x0000000715600000| Complete  |  0
|  133|0x0000000715800000, 0x0000000715a00000, 0x0000000715a00000|100%| E|CS|TAMS 0x0000000715800000| PB 0x0000000715800000| Complete  |  0
|  134|0x0000000715a00000, 0x0000000715c00000, 0x0000000715c00000|100%| E|CS|TAMS 0x0000000715a00000| PB 0x0000000715a00000| Complete  |  0
|  135|0x0000000715c00000, 0x0000000715e00000, 0x0000000715e00000|100%| E|CS|TAMS 0x0000000715c00000| PB 0x0000000715c00000| Complete  |  0
|  136|0x0000000715e00000, 0x0000000716000000, 0x0000000716000000|100%| E|CS|TAMS 0x0000000715e00000| PB 0x0000000715e00000| Complete  |  0
|  137|0x0000000716000000, 0x0000000716200000, 0x0000000716200000|100%| E|CS|TAMS 0x0000000716000000| PB 0x0000000716000000| Complete  |  0
|  138|0x0000000716200000, 0x0000000716400000, 0x0000000716400000|100%| E|CS|TAMS 0x0000000716200000| PB 0x0000000716200000| Complete  |  0
|  139|0x0000000716400000, 0x0000000716600000, 0x0000000716600000|100%| E|CS|TAMS 0x0000000716400000| PB 0x0000000716400000| Complete  |  0
|  140|0x0000000716600000, 0x0000000716800000, 0x0000000716800000|100%| E|CS|TAMS 0x0000000716600000| PB 0x0000000716600000| Complete  |  0
|  141|0x0000000716800000, 0x0000000716a00000, 0x0000000716a00000|100%| E|CS|TAMS 0x0000000716800000| PB 0x0000000716800000| Complete  |  0
|  142|0x0000000716a00000, 0x0000000716c00000, 0x0000000716c00000|100%| E|CS|TAMS 0x0000000716a00000| PB 0x0000000716a00000| Complete  |  0
|  143|0x0000000716c00000, 0x0000000716e00000, 0x0000000716e00000|100%| E|CS|TAMS 0x0000000716c00000| PB 0x0000000716c00000| Complete  |  0
|  144|0x0000000716e00000, 0x0000000717000000, 0x0000000717000000|100%| E|CS|TAMS 0x0000000716e00000| PB 0x0000000716e00000| Complete  |  0
|  145|0x0000000717000000, 0x0000000717200000, 0x0000000717200000|100%| E|CS|TAMS 0x0000000717000000| PB 0x0000000717000000| Complete  |  0
|  146|0x0000000717200000, 0x0000000717400000, 0x0000000717400000|100%| E|CS|TAMS 0x0000000717200000| PB 0x0000000717200000| Complete  |  0
|  147|0x0000000717400000, 0x0000000717600000, 0x0000000717600000|100%| E|CS|TAMS 0x0000000717400000| PB 0x0000000717400000| Complete  |  0
|  148|0x0000000717600000, 0x0000000717800000, 0x0000000717800000|100%| E|CS|TAMS 0x0000000717600000| PB 0x0000000717600000| Complete  |  0
|  149|0x0000000717800000, 0x0000000717a00000, 0x0000000717a00000|100%| E|CS|TAMS 0x0000000717800000| PB 0x0000000717800000| Complete  |  0
|  150|0x0000000717a00000, 0x0000000717c00000, 0x0000000717c00000|100%| E|CS|TAMS 0x0000000717a00000| PB 0x0000000717a00000| Complete  |  0
|  151|0x0000000717c00000, 0x0000000717e00000, 0x0000000717e00000|100%| E|CS|TAMS 0x0000000717c00000| PB 0x0000000717c00000| Complete  |  0
|  152|0x0000000717e00000, 0x0000000718000000, 0x0000000718000000|100%| E|CS|TAMS 0x0000000717e00000| PB 0x0000000717e00000| Complete  |  0
|  153|0x0000000718000000, 0x0000000718200000, 0x0000000718200000|100%| E|CS|TAMS 0x0000000718000000| PB 0x0000000718000000| Complete  |  0
|  154|0x0000000718200000, 0x0000000718400000, 0x0000000718400000|100%| E|CS|TAMS 0x0000000718200000| PB 0x0000000718200000| Complete  |  0
|  155|0x0000000718400000, 0x0000000718600000, 0x0000000718600000|100%| E|CS|TAMS 0x0000000718400000| PB 0x0000000718400000| Complete  |  0
|  156|0x0000000718600000, 0x0000000718800000, 0x0000000718800000|100%| E|CS|TAMS 0x0000000718600000| PB 0x0000000718600000| Complete  |  0
|  157|0x0000000718800000, 0x0000000718a00000, 0x0000000718a00000|100%| E|CS|TAMS 0x0000000718800000| PB 0x0000000718800000| Complete  |  0
|  158|0x0000000718a00000, 0x0000000718c00000, 0x0000000718c00000|100%| E|CS|TAMS 0x0000000718a00000| PB 0x0000000718a00000| Complete  |  0
|  159|0x0000000718c00000, 0x0000000718e00000, 0x0000000718e00000|100%| E|CS|TAMS 0x0000000718c00000| PB 0x0000000718c00000| Complete  |  0
|  160|0x0000000718e00000, 0x0000000719000000, 0x0000000719000000|100%| E|CS|TAMS 0x0000000718e00000| PB 0x0000000718e00000| Complete  |  0
|  161|0x0000000719000000, 0x0000000719200000, 0x0000000719200000|100%| E|CS|TAMS 0x0000000719000000| PB 0x0000000719000000| Complete  |  0
|  162|0x0000000719200000, 0x0000000719400000, 0x0000000719400000|100%| E|CS|TAMS 0x0000000719200000| PB 0x0000000719200000| Complete  |  0
|  163|0x0000000719400000, 0x0000000719600000, 0x0000000719600000|100%| E|CS|TAMS 0x0000000719400000| PB 0x0000000719400000| Complete  |  0
|  164|0x0000000719600000, 0x0000000719800000, 0x0000000719800000|100%| E|CS|TAMS 0x0000000719600000| PB 0x0000000719600000| Complete  |  0
|  165|0x0000000719800000, 0x0000000719a00000, 0x0000000719a00000|100%| E|CS|TAMS 0x0000000719800000| PB 0x0000000719800000| Complete  |  0
|  166|0x0000000719a00000, 0x0000000719c00000, 0x0000000719c00000|100%| E|CS|TAMS 0x0000000719a00000| PB 0x0000000719a00000| Complete  |  0
|  167|0x0000000719c00000, 0x0000000719e00000, 0x0000000719e00000|100%| E|CS|TAMS 0x0000000719c00000| PB 0x0000000719c00000| Complete  |  0
|  168|0x0000000719e00000, 0x000000071a000000, 0x000000071a000000|100%| E|CS|TAMS 0x0000000719e00000| PB 0x0000000719e00000| Complete  |  0
|  169|0x000000071a000000, 0x000000071a200000, 0x000000071a200000|100%| E|CS|TAMS 0x000000071a000000| PB 0x000000071a000000| Complete  |  0
|  170|0x000000071a200000, 0x000000071a400000, 0x000000071a400000|100%| E|CS|TAMS 0x000000071a200000| PB 0x000000071a200000| Complete  |  0
|  171|0x000000071a400000, 0x000000071a600000, 0x000000071a600000|100%| E|CS|TAMS 0x000000071a400000| PB 0x000000071a400000| Complete  |  0
|  172|0x000000071a600000, 0x000000071a800000, 0x000000071a800000|100%| E|CS|TAMS 0x000000071a600000| PB 0x000000071a600000| Complete  |  0
|  173|0x000000071a800000, 0x000000071aa00000, 0x000000071aa00000|100%| E|CS|TAMS 0x000000071a800000| PB 0x000000071a800000| Complete  |  0
|  174|0x000000071aa00000, 0x000000071ac00000, 0x000000071ac00000|100%| E|CS|TAMS 0x000000071aa00000| PB 0x000000071aa00000| Complete  |  0
|  175|0x000000071ac00000, 0x000000071ae00000, 0x000000071ae00000|100%| E|CS|TAMS 0x000000071ac00000| PB 0x000000071ac00000| Complete  |  0
|  176|0x000000071ae00000, 0x000000071b000000, 0x000000071b000000|100%| E|CS|TAMS 0x000000071ae00000| PB 0x000000071ae00000| Complete  |  0
|  177|0x000000071b000000, 0x000000071b200000, 0x000000071b200000|100%| E|CS|TAMS 0x000000071b000000| PB 0x000000071b000000| Complete  |  0
|  178|0x000000071b200000, 0x000000071b400000, 0x000000071b400000|100%| E|CS|TAMS 0x000000071b200000| PB 0x000000071b200000| Complete  |  0
|  179|0x000000071b400000, 0x000000071b600000, 0x000000071b600000|100%| E|CS|TAMS 0x000000071b400000| PB 0x000000071b400000| Complete  |  0
|  180|0x000000071b600000, 0x000000071b800000, 0x000000071b800000|100%| E|CS|TAMS 0x000000071b600000| PB 0x000000071b600000| Complete  |  0
|  181|0x000000071b800000, 0x000000071ba00000, 0x000000071ba00000|100%| E|CS|TAMS 0x000000071b800000| PB 0x000000071b800000| Complete  |  0
|  182|0x000000071ba00000, 0x000000071bc00000, 0x000000071bc00000|100%| E|CS|TAMS 0x000000071ba00000| PB 0x000000071ba00000| Complete  |  0
|  183|0x000000071bc00000, 0x000000071be00000, 0x000000071be00000|100%| E|CS|TAMS 0x000000071bc00000| PB 0x000000071bc00000| Complete  |  0
|  184|0x000000071be00000, 0x000000071c000000, 0x000000071c000000|100%| E|CS|TAMS 0x000000071be00000| PB 0x000000071be00000| Complete  |  0
|  185|0x000000071c000000, 0x000000071c200000, 0x000000071c200000|100%| E|CS|TAMS 0x000000071c000000| PB 0x000000071c000000| Complete  |  0
|  186|0x000000071c200000, 0x000000071c400000, 0x000000071c400000|100%| E|CS|TAMS 0x000000071c200000| PB 0x000000071c200000| Complete  |  0
| 2006|0x00000007ffa00000, 0x00000007ffc00000, 0x00000007ffc00000|100%| O|  |TAMS 0x00000007ffa00000| PB 0x00000007ffa00000| Untracked |  0
| 2007|0x00000007ffc00000, 0x00000007ffe00000, 0x00000007ffe00000|100%| O|  |TAMS 0x00000007ffc00000| PB 0x00000007ffc00000| Untracked |  0

Card table byte_map: [0x000002d050b60000,0x000002d051340000] _byte_map_base: 0x000002d04d339000
Refinement table byte_map: [0x000002d050380000,0x000002d050b60000] _byte_map_base: 0x000002d04cb59000

Marking Bits: (CMBitMap*) 0x000002d0359f3270
 Bits: [0x000002d051340000, 0x000002d055208000)

Polling page: 0x000002d0354e0000

Metaspace:
Metaspace        used 66284K, committed 66688K, reserved 1114112K
 class space     used 9601K, committed 9792K, reserved 1048576K

Usage:
  Non-class:     55.35 MB used.
      Class:      9.38 MB used.
       Both:     64.73 MB used.

Virtual space:
  Non-class space:       64.00 MB reserved,      55.56 MB ( 87%) committed,  1 nodes.
      Class space:        1.00 GB reserved,       9.56 MB ( <1%) committed,  1 nodes.
             Both:        1.06 GB reserved,      65.12 MB (  6%) committed. 

Chunk freelists:
   Non-Class:  8.32 MB
       Class:  6.34 MB
        Both:  14.65 MB

MaxMetaspaceSize: unlimited
CompressedClassSpaceSize: 1.00 GB
Initial GC threshold: 21.00 MB
Current GC threshold: 108.44 MB
CDS: on
 - commit_granule_bytes: 65536.
 - commit_granule_words: 8192.
 - virtual_space_node_default_size: 8388608.
 - enlarge_chunks_in_place: 1.
UseCompressedClassPointers 1, UseCompactObjectHeaders 0
Narrow klass pointer bits 32, Max shift 3
Narrow klass base: 0x000000001d000000, Narrow klass shift: 0
Encoding Range: [0x000000001d000000 - 0x000000011d000000), (4294967296 bytes)
Klass Range:    [0x000000001d000000 - 0x000000005e000000), (1090519040 bytes)
Klass ID Range:  [8 - 1090519033) (1090519025)
Protection zone: [0x000000001d000000 - 0x000000001d010000), (65536 bytes)


Internal statistics:

num_allocs_failed_limit: 6.
num_arena_births: 470.
num_arena_deaths: 50.
num_vsnodes_births: 2.
num_vsnodes_deaths: 0.
num_space_committed: 1042.
num_space_uncommitted: 0.
num_chunks_returned_to_freelist: 57.
num_chunks_taken_from_freelist: 2758.
num_chunk_merges: 20.
num_chunk_splits: 2076.
num_chunks_enlarged: 1756.
num_inconsistent_stats: 0.

CodeHeap 'non-profiled nmethods': size=120064Kb used=5051Kb max_used=5051Kb free=115012Kb
 bounds [0x000002d0479d0000, 0x000002d047ec0000, 0x000002d04ef10000]
CodeHeap 'profiled nmethods': size=120064Kb used=7821Kb max_used=11155Kb free=112242Kb
 bounds [0x000002d03fef0000, 0x000002d040a50000, 0x000002d047430000]
CodeHeap 'non-nmethods': size=5760Kb used=1985Kb max_used=2125Kb free=3774Kb
 bounds [0x000002d047430000, 0x000002d0476a0000, 0x000002d0479d0000]
CodeCache: size=245888Kb, used=14857Kb, max_used=18331Kb, free=231028Kb
 total_blobs=7228, nmethods=6136, adapters=994, full_count=0
Compilation: enabled, stopped_count=0, restarted_count=0

Compilation events (20 events):
Event: 5207.099 Thread 0x000002d057eb5000 nmethod 16831 0x000002d040528d08 code [0x000002d040528e00, 0x000002d040529058]
Event: 5207.099 Thread 0x000002d057eb5000 16832       3       javafx.scene.control.TableView$5::invalidated (72 bytes)
Event: 5207.111 Thread 0x000002d057eb5000 nmethod 16832 0x000002d040527f88 code [0x000002d040528080, 0x000002d040528cb8]
Event: 5207.111 Thread 0x000002d057eb5000 16833       3       javafx.scene.control.TableView$TableViewArrayListSelectionModel::updateDefaultSelection (61 bytes)
Event: 5207.131 Thread 0x000002d057eb5000 nmethod 16833 0x000002d0409b5008 code [0x000002d0409b5100, 0x000002d0409b64e8]
Event: 5218.005 Thread 0x000002d057eae7d0 16834       4       java.util.HashSet::clear (8 bytes)
Event: 5218.008 Thread 0x000002d057eb5000 16835       3       javafx.scene.chart.LineChart::seriesRemoved (113 bytes)
Event: 5218.032 Thread 0x000002d057eb5000 nmethod 16835 0x000002d0409b2f88 code [0x000002d0409b3080, 0x000002d0409b4fc0]
Event: 5218.045 Thread 0x000002d057eae7d0 nmethod 16834 0x000002d047ebcf08 code [0x000002d047ebd000, 0x000002d047ebd510]
Event: 5247.166 Thread 0x000002d057eae7d0 16836       4       java.lang.String::indexOf (64 bytes)
Event: 5247.172 Thread 0x000002d057eb5000 16837       3       javafx.scene.chart.PieChart::lambda$new$0 (404 bytes)
Event: 5247.182 Thread 0x000002d057eae7d0 nmethod 16836 0x000002d047ebd588 code [0x000002d047ebd680, 0x000002d047ebd9f0]
Event: 5247.194 Thread 0x000002d057eb5000 nmethod 16837 0x000002d0402e4288 code [0x000002d0402e4380, 0x000002d0402e8220]
Event: 5267.041 Thread 0x000002d057eb5000 16838       3       java.lang.String::format (16 bytes)
Event: 5267.054 Thread 0x000002d057eb5000 nmethod 16838 0x000002d040527588 code [0x000002d040527680, 0x000002d040527f50]
Event: 5267.055 Thread 0x000002d057eae7d0 16839       4       javafx.scene.chart.XYChart$Data$4$$Lambda/0x000000001e8cb7d8::apply (8 bytes)
Event: 5267.064 Thread 0x000002d057eae7d0 nmethod 16839 0x000002d047ebda08 code [0x000002d047ebdb00, 0x000002d047ebdcf0]
Event: 5277.992 Thread 0x000002d057eae7d0 16840       4       java.text.MessageFormat::subformat (580 bytes)
Event: 5278.122 Thread 0x000002d057eae7d0 nmethod 16840 0x000002d047ebdd08 code [0x000002d047ebde00, 0x000002d047ebed68]
Event: 5301.516 Thread 0x000002d057eae7d0 16841   !   4       com.sun.javafx.collections.VetoableListDecorator::add (61 bytes)

GC Heap Usage History (20 events):
Event: 4187.503 {heap Before GC invocations=126 (full 0):
 garbage-first heap   total reserved 4114432K, committed 137216K, used 114845K [0x0000000704e00000, 0x0000000800000000)
  region size 2M, 39 eden (78M), 1 survivor (2M), 15 old (30M), 2 humongous (4M), 10 free (20M)
}
Event: 4187.519 {heap After GC invocations=127 (full 0):
 garbage-first heap   total reserved 4114432K, committed 137216K, used 35158K [0x0000000704e00000, 0x0000000800000000)
  region size 2M, 0 eden (0M), 1 survivor (2M), 15 old (30M), 2 humongous (4M), 49 free (98M)
}
Event: 4188.054 {heap Before GC invocations=128 (full 0):
 garbage-first heap   total reserved 4114432K, committed 137216K, used 115030K [0x0000000704e00000, 0x0000000800000000)
  region size 2M, 39 eden (78M), 1 survivor (2M), 15 old (30M), 2 humongous (4M), 10 free (20M)
}
Event: 4188.059 {heap After GC invocations=129 (full 0):
 garbage-first heap   total reserved 4114432K, committed 137216K, used 35179K [0x0000000704e00000, 0x0000000800000000)
  region size 2M, 0 eden (0M), 1 survivor (2M), 15 old (30M), 2 humongous (4M), 49 free (98M)
}
Event: 4247.622 {heap Before GC invocations=129 (full 0):
 garbage-first heap   total reserved 4114432K, committed 137216K, used 115051K [0x0000000704e00000, 0x0000000800000000)
  region size 2M, 39 eden (78M), 1 survivor (2M), 15 old (30M), 2 humongous (4M), 10 free (20M)
}
Event: 4247.677 {heap After GC invocations=130 (full 0):
 garbage-first heap   total reserved 4114432K, committed 137216K, used 34824K [0x0000000704e00000, 0x0000000800000000)
  region size 2M, 0 eden (0M), 1 survivor (2M), 15 old (30M), 2 humongous (4M), 49 free (98M)
}
Event: 4307.073 {heap Before GC invocations=130 (full 0):
 garbage-first heap   total reserved 4114432K, committed 137216K, used 114696K [0x0000000704e00000, 0x0000000800000000)
  region size 2M, 39 eden (78M), 1 survivor (2M), 15 old (30M), 2 humongous (4M), 10 free (20M)
}
Event: 4307.082 {heap After GC invocations=131 (full 0):
 garbage-first heap   total reserved 4114432K, committed 129024K, used 35106K [0x0000000704e00000, 0x0000000800000000)
  region size 2M, 0 eden (0M), 1 survivor (2M), 15 old (30M), 2 humongous (4M), 45 free (90M)
}
Event: 4307.557 {heap Before GC invocations=132 (full 0):
 garbage-first heap   total reserved 4114432K, committed 129024K, used 108834K [0x0000000704e00000, 0x0000000800000000)
  region size 2M, 36 eden (72M), 1 survivor (2M), 15 old (30M), 2 humongous (4M), 9 free (18M)
}
Event: 4307.631 {heap After GC invocations=133 (full 0):
 garbage-first heap   total reserved 4114432K, committed 129024K, used 35040K [0x0000000704e00000, 0x0000000800000000)
  region size 2M, 0 eden (0M), 1 survivor (2M), 15 old (30M), 2 humongous (4M), 45 free (90M)
}
Event: 4308.017 {heap Before GC invocations=133 (full 0):
 garbage-first heap   total reserved 4114432K, committed 129024K, used 108768K [0x0000000704e00000, 0x0000000800000000)
  region size 2M, 36 eden (72M), 1 survivor (2M), 15 old (30M), 2 humongous (4M), 9 free (18M)
}
Event: 4308.025 {heap After GC invocations=134 (full 0):
 garbage-first heap   total reserved 4114432K, committed 129024K, used 34866K [0x0000000704e00000, 0x0000000800000000)
  region size 2M, 0 eden (0M), 1 survivor (2M), 15 old (30M), 2 humongous (4M), 45 free (90M)
}
Event: 4367.433 {heap Before GC invocations=134 (full 0):
 garbage-first heap   total reserved 4114432K, committed 129024K, used 108594K [0x0000000704e00000, 0x0000000800000000)
  region size 2M, 36 eden (72M), 1 survivor (2M), 15 old (30M), 2 humongous (4M), 9 free (18M)
}
Event: 4367.437 {heap After GC invocations=135 (full 0):
 garbage-first heap   total reserved 4114432K, committed 129024K, used 34976K [0x0000000704e00000, 0x0000000800000000)
  region size 2M, 0 eden (0M), 1 survivor (2M), 15 old (30M), 2 humongous (4M), 45 free (90M)
}
Event: 4367.888 {heap Before GC invocations=136 (full 0):
 garbage-first heap   total reserved 4114432K, committed 129024K, used 108704K [0x0000000704e00000, 0x0000000800000000)
  region size 2M, 36 eden (72M), 1 survivor (2M), 15 old (30M), 2 humongous (4M), 9 free (18M)
}
Event: 4367.896 {heap After GC invocations=137 (full 0):
 garbage-first heap   total reserved 4114432K, committed 387072K, used 34981K [0x0000000704e00000, 0x0000000800000000)
  region size 2M, 0 eden (0M), 1 survivor (2M), 15 old (30M), 2 humongous (4M), 171 free (342M)
}
Event: 4487.245 {heap Before GC invocations=137 (full 0):
 garbage-first heap   total reserved 4114432K, committed 387072K, used 264357K [0x0000000704e00000, 0x0000000800000000)
  region size 2M, 112 eden (224M), 1 survivor (2M), 15 old (30M), 2 humongous (4M), 59 free (118M)
}
Event: 4487.273 {heap After GC invocations=138 (full 0):
 garbage-first heap   total reserved 4114432K, committed 387072K, used 35069K [0x0000000704e00000, 0x0000000800000000)
  region size 2M, 0 eden (0M), 1 survivor (2M), 15 old (30M), 2 humongous (4M), 171 free (342M)
}
Event: 4607.991 {heap Before GC invocations=138 (full 0):
 garbage-first heap   total reserved 4114432K, committed 387072K, used 264445K [0x0000000704e00000, 0x0000000800000000)
  region size 2M, 112 eden (224M), 1 survivor (2M), 15 old (30M), 2 humongous (4M), 59 free (118M)
}
Event: 4608.003 {heap After GC invocations=139 (full 0):
 garbage-first heap   total reserved 4114432K, committed 387072K, used 34993K [0x0000000704e00000, 0x0000000800000000)
  region size 2M, 0 eden (0M), 1 survivor (2M), 15 old (30M), 2 humongous (4M), 171 free (342M)
}

Metaspace Usage History (20 events):
Event: 4187.503 {metaspace Before GC invocations=126 (full 0):
 Metaspace       used 66173K, committed 66624K, reserved 1114112K
  class space    used 9600K, committed 9792K, reserved 1048576K
}
Event: 4187.519 {metaspace After GC invocations=127 (full 0):
 Metaspace       used 66173K, committed 66624K, reserved 1114112K
  class space    used 9600K, committed 9792K, reserved 1048576K
}
Event: 4188.054 {metaspace Before GC invocations=128 (full 0):
 Metaspace       used 66173K, committed 66624K, reserved 1114112K
  class space    used 9600K, committed 9792K, reserved 1048576K
}
Event: 4188.059 {metaspace After GC invocations=129 (full 0):
 Metaspace       used 66173K, committed 66624K, reserved 1114112K
  class space    used 9600K, committed 9792K, reserved 1048576K
}
Event: 4247.622 {metaspace Before GC invocations=129 (full 0):
 Metaspace       used 66176K, committed 66624K, reserved 1114112K
  class space    used 9600K, committed 9792K, reserved 1048576K
}
Event: 4247.677 {metaspace After GC invocations=130 (full 0):
 Metaspace       used 66176K, committed 66624K, reserved 1114112K
  class space    used 9600K, committed 9792K, reserved 1048576K
}
Event: 4307.073 {metaspace Before GC invocations=130 (full 0):
 Metaspace       used 66176K, committed 66624K, reserved 1114112K
  class space    used 9600K, committed 9792K, reserved 1048576K
}
Event: 4307.082 {metaspace After GC invocations=131 (full 0):
 Metaspace       used 66176K, committed 66624K, reserved 1114112K
  class space    used 9600K, committed 9792K, reserved 1048576K
}
Event: 4307.557 {metaspace Before GC invocations=132 (full 0):
 Metaspace       used 66176K, committed 66624K, reserved 1114112K
  class space    used 9600K, committed 9792K, reserved 1048576K
}
Event: 4307.631 {metaspace After GC invocations=133 (full 0):
 Metaspace       used 66176K, committed 66624K, reserved 1114112K
  class space    used 9600K, committed 9792K, reserved 1048576K
}
Event: 4308.017 {metaspace Before GC invocations=133 (full 0):
 Metaspace       used 66176K, committed 66624K, reserved 1114112K
  class space    used 9600K, committed 9792K, reserved 1048576K
}
Event: 4308.025 {metaspace After GC invocations=134 (full 0):
 Metaspace       used 66176K, committed 66624K, reserved 1114112K
  class space    used 9600K, committed 9792K, reserved 1048576K
}
Event: 4367.433 {metaspace Before GC invocations=134 (full 0):
 Metaspace       used 66176K, committed 66624K, reserved 1114112K
  class space    used 9600K, committed 9792K, reserved 1048576K
}
Event: 4367.437 {metaspace After GC invocations=135 (full 0):
 Metaspace       used 66176K, committed 66624K, reserved 1114112K
  class space    used 9600K, committed 9792K, reserved 1048576K
}
Event: 4367.888 {metaspace Before GC invocations=136 (full 0):
 Metaspace       used 66176K, committed 66624K, reserved 1114112K
  class space    used 9600K, committed 9792K, reserved 1048576K
}
Event: 4367.896 {metaspace After GC invocations=137 (full 0):
 Metaspace       used 66176K, committed 66624K, reserved 1114112K
  class space    used 9600K, committed 9792K, reserved 1048576K
}
Event: 4487.246 {metaspace Before GC invocations=137 (full 0):
 Metaspace       used 66181K, committed 66624K, reserved 1114112K
  class space    used 9600K, committed 9792K, reserved 1048576K
}
Event: 4487.273 {metaspace After GC invocations=138 (full 0):
 Metaspace       used 66181K, committed 66624K, reserved 1114112K
  class space    used 9600K, committed 9792K, reserved 1048576K
}
Event: 4607.991 {metaspace Before GC invocations=138 (full 0):
 Metaspace       used 66183K, committed 66624K, reserved 1114112K
  class space    used 9600K, committed 9792K, reserved 1048576K
}
Event: 4608.003 {metaspace After GC invocations=139 (full 0):
 Metaspace       used 66183K, committed 66624K, reserved 1114112K
  class space    used 9600K, committed 9792K, reserved 1048576K
}

Dll operation events (20 events):
Event: 2.369 Attempting to load shared library C:\Users\user\.openjfx\cache\21+31\amd64\ucrtbase.dll
Event: 2.374 Loaded shared library C:\Users\user\.openjfx\cache\21+31\amd64\ucrtbase.dll
Event: 2.389 Attempting to load shared library C:\Users\user\.openjfx\cache\21+31\amd64\vcruntime140.dll
Event: 2.392 Loaded shared library C:\Users\user\.openjfx\cache\21+31\amd64\vcruntime140.dll
Event: 2.405 Attempting to load shared library C:\Users\user\.openjfx\cache\21+31\amd64\vcruntime140_1.dll
Event: 2.407 Loaded shared library C:\Users\user\.openjfx\cache\21+31\amd64\vcruntime140_1.dll
Event: 2.440 Attempting to load shared library C:\Users\user\.openjfx\cache\21+31\amd64\msvcp140.dll
Event: 2.444 Loaded shared library C:\Users\user\.openjfx\cache\21+31\amd64\msvcp140.dll
Event: 2.456 Attempting to load shared library C:\Users\user\.openjfx\cache\21+31\amd64\msvcp140_1.dll
Event: 2.460 Loaded shared library C:\Users\user\.openjfx\cache\21+31\amd64\msvcp140_1.dll
Event: 2.487 Attempting to load shared library C:\Users\user\.openjfx\cache\21+31\amd64\msvcp140_2.dll
Event: 2.491 Loaded shared library C:\Users\user\.openjfx\cache\21+31\amd64\msvcp140_2.dll
Event: 2.659 Attempting to load shared library C:\Users\user\.openjfx\cache\21+31\amd64\prism_d3d.dll
Event: 2.675 Loaded shared library C:\Users\user\.openjfx\cache\21+31\amd64\prism_d3d.dll
Event: 3.026 Attempting to load shared library C:\Users\user\.openjfx\cache\21+31\amd64\glass.dll
Event: 3.033 Loaded shared library C:\Users\user\.openjfx\cache\21+31\amd64\glass.dll
Event: 17.025 Attempting to load shared library C:\Program Files\Java\jdk-26.0.1\bin\verify.dll
Event: 17.027 Loaded shared library C:\Program Files\Java\jdk-26.0.1\bin\verify.dll
Event: 22.779 Attempting to load shared library C:\Users\user\.openjfx\cache\21+31\amd64\javafx_font.dll
Event: 22.781 Loaded shared library C:\Users\user\.openjfx\cache\21+31\amd64\javafx_font.dll

Deoptimization events (20 events):
Event: 5049.996 Thread 0x000002d05d365a00 Uncommon trap: trap_request=0xffffff45 fr.pc=0x000002d047ca1e10 relative=0x0000000000000090
Event: 5049.997 Thread 0x000002d05d365a00 Uncommon trap: reason=unstable_if action=reinterpret pc=0x000002d047ca1e10 method=javafx.scene.layout.Region$StyleableProperties$13.isSettable(Ljavafx/scene/layout/Region;)Z @ 4 c2
Event: 5049.997 Thread 0x000002d05d365a00 DEOPT PACKING pc=0x000002d047ca1e10 sp=0x000000eb5adfe2f0
Event: 5049.997 Thread 0x000002d05d365a00 DEOPT UNPACKING pc=0x000002d047551f02 sp=0x000000eb5adfe218 mode 2
Event: 5049.997 Thread 0x000002d05d365a00 Uncommon trap: trap_request=0xffffff45 fr.pc=0x000002d047ca0010 relative=0x0000000000000090
Event: 5049.997 Thread 0x000002d05d365a00 Uncommon trap: reason=unstable_if action=reinterpret pc=0x000002d047ca0010 method=javafx.scene.layout.Region$StyleableProperties$15.isSettable(Ljavafx/scene/layout/Region;)Z @ 4 c2
Event: 5049.997 Thread 0x000002d05d365a00 DEOPT PACKING pc=0x000002d047ca0010 sp=0x000000eb5adfe2f0
Event: 5049.997 Thread 0x000002d05d365a00 DEOPT UNPACKING pc=0x000002d047551f02 sp=0x000000eb5adfe218 mode 2
Event: 5050.019 Thread 0x000002d05cd58890 Uncommon trap: trap_request=0xffffff45 fr.pc=0x000002d047e68de4 relative=0x0000000000000264
Event: 5050.019 Thread 0x000002d05cd58890 Uncommon trap: reason=unstable_if action=reinterpret pc=0x000002d047e68de4 method=com.sun.javafx.geom.transform.AffineBase.concatenate(Lcom/sun/javafx/geom/transform/BaseTransform;)V @ 108 c2
Event: 5050.019 Thread 0x000002d05cd58890 DEOPT PACKING pc=0x000002d047e68de4 sp=0x000000eb5abfe5c0
Event: 5050.019 Thread 0x000002d05cd58890 DEOPT UNPACKING pc=0x000002d047551f02 sp=0x000000eb5abfe4e8 mode 2
Event: 5087.052 Thread 0x000002d05d365a00 Uncommon trap: trap_request=0xffffff45 fr.pc=0x000002d047b0913c relative=0x0000000000003c3c
Event: 5087.054 Thread 0x000002d05d365a00 Uncommon trap: reason=unstable_if action=reinterpret pc=0x000002d047b0913c method=javafx.scene.Parent$3.onProposedChange(Ljava/util/List;[I)V @ 20 c2
Event: 5087.054 Thread 0x000002d05d365a00 DEOPT PACKING pc=0x000002d047b0913c sp=0x000000eb5adfe410
Event: 5087.054 Thread 0x000002d05d365a00 DEOPT UNPACKING pc=0x000002d047551f02 sp=0x000000eb5adfe3f8 mode 2
Event: 5147.046 Thread 0x000002d05d365a00 DEOPT PACKING pc=0x000002d04001d1c5 sp=0x000000eb5adfd300
Event: 5147.049 Thread 0x000002d05d365a00 DEOPT UNPACKING pc=0x000002d047481a02 sp=0x000000eb5adfc9e8 mode 0
Event: 5241.536 Thread 0x000002d05d365a00 DEOPT PACKING pc=0x000002d04001d1c5 sp=0x000000eb5adfd3b0
Event: 5241.539 Thread 0x000002d05d365a00 DEOPT UNPACKING pc=0x000002d047481a02 sp=0x000000eb5adfca98 mode 0

Classes loaded (20 events):
Event: 1830.086 Loading class sun/util/locale/provider/BreakIteratorProviderImpl$GraphemeBreakIterator
Event: 1830.086 Loading class sun/util/locale/provider/BreakIteratorProviderImpl$GraphemeBreakIterator done
Event: 1830.086 Loading class java/text/StringCharacterIterator
Event: 1830.086 Loading class java/text/StringCharacterIterator done
Event: 1830.087 Loading class sun/util/locale/provider/BreakIteratorProviderImpl$CharacterIteratorCharSequence
Event: 1830.087 Loading class sun/util/locale/provider/BreakIteratorProviderImpl$CharacterIteratorCharSequence done
Event: 1830.087 Loading class java/text/BreakIterator$BreakIteratorCache
Event: 1830.087 Loading class java/text/BreakIterator$BreakIteratorCache done
Event: 1830.087 Loading class jdk/internal/util/regex/Grapheme
Event: 1830.087 Loading class jdk/internal/util/regex/Grapheme done
Event: 1830.088 Loading class jdk/internal/util/regex/IndicConjunctBreak
Event: 1830.088 Loading class jdk/internal/util/regex/IndicConjunctBreak done
Event: 3612.466 Loading class sun/net/ConnectionResetException
Event: 3612.488 Loading class sun/net/ConnectionResetException done
Event: 3612.503 Loading class java/io/InterruptedIOException
Event: 3612.516 Loading class java/io/InterruptedIOException done
Event: 3612.518 Loading class java/net/SocketTimeoutException
Event: 3612.530 Loading class java/net/SocketTimeoutException done
Event: 3742.223 Loading class java/io/SequenceInputStream
Event: 3742.228 Loading class java/io/SequenceInputStream done

Classes unloaded (20 events):
Event: 4067.902 Thread 0x000002d057e5cd00 Unloading class 0x000000001e61b400 'java/lang/invoke/LambdaForm$MH+0x000000001e61b400'
Event: 4067.902 Thread 0x000002d057e5cd00 Unloading class 0x000000001e61b000 'java/lang/invoke/LambdaForm$MH+0x000000001e61b000'
Event: 4067.902 Thread 0x000002d057e5cd00 Unloading class 0x000000001e5fd400 'java/lang/invoke/LambdaForm$BMH+0x000000001e5fd400'
Event: 4067.902 Thread 0x000002d057e5cd00 Unloading class 0x000000001e594c00 'java/lang/invoke/LambdaForm$BMH+0x000000001e594c00'
Event: 4067.903 Thread 0x000002d057e5cd00 Unloading class 0x000000001e50c800 'java/lang/invoke/LambdaForm$MH+0x000000001e50c800'
Event: 4067.903 Thread 0x000002d057e5cd00 Unloading class 0x000000001e50c400 'java/lang/invoke/LambdaForm$MH+0x000000001e50c400'
Event: 4067.903 Thread 0x000002d057e5cd00 Unloading class 0x000000001e50c000 'java/lang/invoke/LambdaForm$MH+0x000000001e50c000'
Event: 4067.904 Thread 0x000002d057e5cd00 Unloading class 0x000000001e476000 'java/lang/invoke/LambdaForm$MH+0x000000001e476000'
Event: 4067.904 Thread 0x000002d057e5cd00 Unloading class 0x000000001e474c00 'java/lang/invoke/LambdaForm$MH+0x000000001e474c00'
Event: 4067.904 Thread 0x000002d057e5cd00 Unloading class 0x000000001e474800 'java/lang/invoke/LambdaForm$MH+0x000000001e474800'
Event: 4067.904 Thread 0x000002d057e5cd00 Unloading class 0x000000001e474400 'java/lang/invoke/LambdaForm$MH+0x000000001e474400'
Event: 4067.905 Thread 0x000002d057e5cd00 Unloading class 0x000000001e474000 'java/lang/invoke/LambdaForm$MH+0x000000001e474000'
Event: 4067.905 Thread 0x000002d057e5cd00 Unloading class 0x000000001e37c400 'java/lang/invoke/LambdaForm$MH+0x000000001e37c400'
Event: 4067.905 Thread 0x000002d057e5cd00 Unloading class 0x000000001e37c000 'java/lang/invoke/LambdaForm$MH+0x000000001e37c000'
Event: 4067.906 Thread 0x000002d057e5cd00 Unloading class 0x000000001e36c000 'java/lang/invoke/LambdaForm$MH+0x000000001e36c000'
Event: 4067.907 Thread 0x000002d057e5cd00 Unloading class 0x000000001e275000 'java/lang/invoke/LambdaForm$BMH+0x000000001e275000'
Event: 4067.908 Thread 0x000002d057e5cd00 Unloading class 0x000000001e1e0800 'java/lang/invoke/LambdaForm$DMH+0x000000001e1e0800'
Event: 4067.908 Thread 0x000002d057e5cd00 Unloading class 0x000000001e1e0000 'java/lang/invoke/LambdaForm$DMH+0x000000001e1e0000'
Event: 4067.908 Thread 0x000002d057e5cd00 Unloading class 0x000000001e042000 'java/lang/invoke/LambdaForm$MH+0x000000001e042000'
Event: 4067.909 Thread 0x000002d057e5cd00 Unloading class 0x000000001e041c00 'java/lang/invoke/LambdaForm$MH+0x000000001e041c00'

Classes redefined (0 events):
No events

Internal exceptions (20 events):
Event: 5267.030 Thread 0x000002d05d365a00 Exception <a 'java/io/IOException'{0x00000007103325e0}> (0x00000007103325e0) 
thrown [s\open\src\hotspot\share\prims\jni.cpp, line 514]
Event: 5267.034 Thread 0x000002d05d365a00 Exception <a 'java/io/IOException'{0x0000000710339270}> (0x0000000710339270) 
thrown [s\open\src\hotspot\share\prims\jni.cpp, line 514]
Event: 5267.037 Thread 0x000002d05d365a00 Exception <a 'java/io/IOException'{0x000000071033ff00}> (0x000000071033ff00) 
thrown [s\open\src\hotspot\share\prims\jni.cpp, line 514]
Event: 5267.041 Thread 0x000002d05d365a00 Exception <a 'java/io/IOException'{0x0000000710345f98}> (0x0000000710345f98) 
thrown [s\open\src\hotspot\share\prims\jni.cpp, line 514]
Event: 5267.047 Thread 0x000002d05d365a00 Exception <a 'java/io/IOException'{0x0000000710349d20}> (0x0000000710349d20) 
thrown [s\open\src\hotspot\share\prims\jni.cpp, line 514]
Event: 5267.058 Thread 0x000002d05d365a00 Exception <a 'java/io/IOException'{0x0000000710376be0}> (0x0000000710376be0) 
thrown [s\open\src\hotspot\share\prims\jni.cpp, line 514]
Event: 5277.961 Thread 0x000002d05d365a00 Exception <a 'java/io/IOException'{0x00000007103e7748}> (0x00000007103e7748) 
thrown [s\open\src\hotspot\share\prims\jni.cpp, line 514]
Event: 5277.965 Thread 0x000002d05d365a00 Exception <a 'java/io/IOException'{0x00000007103ee308}> (0x00000007103ee308) 
thrown [s\open\src\hotspot\share\prims\jni.cpp, line 514]
Event: 5277.968 Thread 0x000002d05d365a00 Exception <a 'java/io/IOException'{0x00000007103f4f98}> (0x00000007103f4f98) 
thrown [s\open\src\hotspot\share\prims\jni.cpp, line 514]
Event: 5277.972 Thread 0x000002d05d365a00 Exception <a 'java/io/IOException'{0x00000007103fbc28}> (0x00000007103fbc28) 
thrown [s\open\src\hotspot\share\prims\jni.cpp, line 514]
Event: 5277.976 Thread 0x000002d05d365a00 Exception <a 'java/io/IOException'{0x0000000710011598}> (0x0000000710011598) 
thrown [s\open\src\hotspot\share\prims\jni.cpp, line 514]
Event: 5277.979 Thread 0x000002d05d365a00 Exception <a 'java/io/IOException'{0x0000000710015320}> (0x0000000710015320) 
thrown [s\open\src\hotspot\share\prims\jni.cpp, line 514]
Event: 5277.986 Thread 0x000002d05d365a00 Exception <a 'java/io/IOException'{0x0000000710033f30}> (0x0000000710033f30) 
thrown [s\open\src\hotspot\share\prims\jni.cpp, line 514]
Event: 5301.496 Thread 0x000002d05d365a00 Exception <a 'java/io/IOException'{0x00000007101400c8}> (0x00000007101400c8) 
thrown [s\open\src\hotspot\share\prims\jni.cpp, line 514]
Event: 5301.500 Thread 0x000002d05d365a00 Exception <a 'java/io/IOException'{0x0000000710146c88}> (0x0000000710146c88) 
thrown [s\open\src\hotspot\share\prims\jni.cpp, line 514]
Event: 5301.502 Thread 0x000002d05d365a00 Exception <a 'java/io/IOException'{0x000000071014d918}> (0x000000071014d918) 
thrown [s\open\src\hotspot\share\prims\jni.cpp, line 514]
Event: 5301.505 Thread 0x000002d05d365a00 Exception <a 'java/io/IOException'{0x00000007101545a8}> (0x00000007101545a8) 
thrown [s\open\src\hotspot\share\prims\jni.cpp, line 514]
Event: 5301.510 Thread 0x000002d05d365a00 Exception <a 'java/io/IOException'{0x000000071015a640}> (0x000000071015a640) 
thrown [s\open\src\hotspot\share\prims\jni.cpp, line 514]
Event: 5301.512 Thread 0x000002d05d365a00 Exception <a 'java/io/IOException'{0x000000071015e3c8}> (0x000000071015e3c8) 
thrown [s\open\src\hotspot\share\prims\jni.cpp, line 514]
Event: 5301.525 Thread 0x000002d05d365a00 Exception <a 'java/io/IOException'{0x000000071017cfd8}> (0x000000071017cfd8) 
thrown [s\open\src\hotspot\share\prims\jni.cpp, line 514]

VM Operations (20 events):
Event: 5089.569 Executing non-safepoint VM operation: HandshakeAllThreads (DeflationHandshakeClosure)
Event: 5089.570 Executing non-safepoint VM operation: HandshakeAllThreads (DeflationHandshakeClosure) done
Event: 5089.570 Executing non-safepoint VM operation: RendezvousGCThreads
Event: 5089.570 Executing non-safepoint VM operation: RendezvousGCThreads done
Event: 5125.723 Executing non-safepoint VM operation: HandshakeAllThreads (G1 Java Thread CT swap)
Event: 5125.723 Executing non-safepoint VM operation: HandshakeAllThreads (G1 Java Thread CT swap) done
Event: 5125.723 Executing non-safepoint VM operation: G1RendezvousGCThreads
Event: 5125.723 Executing non-safepoint VM operation: G1RendezvousGCThreads done
Event: 5149.659 Executing non-safepoint VM operation: HandshakeAllThreads (DeflationHandshakeClosure)
Event: 5149.659 Executing non-safepoint VM operation: HandshakeAllThreads (DeflationHandshakeClosure) done
Event: 5149.659 Executing non-safepoint VM operation: RendezvousGCThreads
Event: 5149.659 Executing non-safepoint VM operation: RendezvousGCThreads done
Event: 5209.850 Executing non-safepoint VM operation: HandshakeAllThreads (DeflationHandshakeClosure)
Event: 5209.852 Executing non-safepoint VM operation: HandshakeAllThreads (DeflationHandshakeClosure) done
Event: 5209.852 Executing non-safepoint VM operation: RendezvousGCThreads
Event: 5209.852 Executing non-safepoint VM operation: RendezvousGCThreads done
Event: 5269.997 Executing non-safepoint VM operation: HandshakeAllThreads (DeflationHandshakeClosure)
Event: 5269.998 Executing non-safepoint VM operation: HandshakeAllThreads (DeflationHandshakeClosure) done
Event: 5269.998 Executing non-safepoint VM operation: RendezvousGCThreads
Event: 5269.998 Executing non-safepoint VM operation: RendezvousGCThreads done

Memory protections (0 events):
No events

Nmethod flushes (20 events):
Event: 4307.183 Thread 0x000002d057e5cd00 flushing  nmethod 0x000002d0408e2d08
Event: 4307.183 Thread 0x000002d057e5cd00 flushing  nmethod 0x000002d04001e088
Event: 4307.184 Thread 0x000002d057e5cd00 flushing  nmethod 0x000002d040049f88
Event: 4307.184 Thread 0x000002d057e5cd00 flushing  nmethod 0x000002d040442488
Event: 4307.184 Thread 0x000002d057e5cd00 flushing  nmethod 0x000002d03ff46c08
Event: 4307.185 Thread 0x000002d057e5cd00 flushing  nmethod 0x000002d03ff6ce88
Event: 4307.185 Thread 0x000002d057e5cd00 flushing  nmethod 0x000002d04028ff88
Event: 4307.185 Thread 0x000002d057e5cd00 flushing  nmethod 0x000002d040a30c08
Event: 4307.185 Thread 0x000002d057e5cd00 flushing  nmethod 0x000002d040603888
Event: 4367.484 Thread 0x000002d057e5cd00 flushing  nmethod 0x000002d04006b108
Event: 4367.484 Thread 0x000002d057e5cd00 flushing  nmethod 0x000002d040182e08
Event: 4367.485 Thread 0x000002d057e5cd00 flushing  nmethod 0x000002d0403e8e08
Event: 4367.486 Thread 0x000002d057e5cd00 flushing  nmethod 0x000002d04021b588
Event: 4367.486 Thread 0x000002d057e5cd00 flushing  nmethod 0x000002d04077e508
Event: 4367.486 Thread 0x000002d057e5cd00 flushing  nmethod 0x000002d040595f88
Event: 4367.486 Thread 0x000002d057e5cd00 flushing  nmethod 0x000002d0407c3008
Event: 4367.487 Thread 0x000002d057e5cd00 flushing  nmethod 0x000002d03ff79188
Event: 4367.487 Thread 0x000002d057e5cd00 flushing  nmethod 0x000002d040395488
Event: 4367.487 Thread 0x000002d057e5cd00 flushing  nmethod 0x000002d04091a008
Event: 4367.487 Thread 0x000002d057e5cd00 flushing  nmethod 0x000002d03ffa2788

Events (20 events):
Event: 4768.258 Thread 0x000002d057eb5000 Thread added: 0x000002d063a27b10
Event: 4768.274 Thread 0x000002d057eb5000 Thread added: 0x000002d063a2a360
Event: 4773.379 Thread 0x000002d063a2a360 Thread exited: 0x000002d063a2a360
Event: 4773.549 Thread 0x000002d063a27b10 Thread exited: 0x000002d063a27b10
Event: 4787.080 Thread 0x000002d057eb5000 Thread added: 0x000002d063a29b50
Event: 4787.086 Thread 0x000002d063a29b50 Thread added: 0x000002d063a27b10
Event: 4793.168 Thread 0x000002d063a27b10 Thread exited: 0x000002d063a27b10
Event: 4797.972 Thread 0x000002d063a29b50 Thread exited: 0x000002d063a29b50
Event: 4851.903 Thread 0x000002d057eb5000 Thread added: 0x000002d063a29b50
Event: 4857.800 Thread 0x000002d063a29b50 Thread exited: 0x000002d063a29b50
Event: 4907.589 Thread 0x000002d057eb5000 Thread added: 0x000002d063a29b50
Event: 4913.208 Thread 0x000002d063a29b50 Thread exited: 0x000002d063a29b50
Event: 4967.480 Thread 0x000002d057eae7d0 Thread added: 0x000002d063a27b10
Event: 4973.073 Thread 0x000002d063a27b10 Thread exited: 0x000002d063a27b10
Event: 5048.201 Thread 0x000002d057eb5000 Thread added: 0x000002d063a27b10
Event: 5048.949 Thread 0x000002d063a27b10 Thread exited: 0x000002d063a27b10
Event: 5049.690 Thread 0x000002d057eb5000 Thread added: 0x000002d063a27b10
Event: 5049.715 Thread 0x000002d057eb5000 Thread added: 0x000002d063a30420
Event: 5050.709 Thread 0x000002d063a30420 Thread exited: 0x000002d063a30420
Event: 5050.709 Thread 0x000002d063a27b10 Thread exited: 0x000002d063a27b10


Dynamic libraries:
0x00007ff603f90000 - 0x00007ff603fa0000 	C:\Program Files\Java\jdk-26.0.1\bin\java.exe
0x00007ff84c560000 - 0x00007ff84c7c6000 	C:\WINDOWS\SYSTEM32\ntdll.dll
0x00007ff84b6b0000 - 0x00007ff84b779000 	C:\WINDOWS\System32\KERNEL32.DLL
0x00007ff849b50000 - 0x00007ff849f4a000 	C:\WINDOWS\System32\KERNELBASE.dll
0x00007ff84a180000 - 0x00007ff84a2cc000 	C:\WINDOWS\System32\ucrtbase.dll
0x00007fffcffa0000 - 0x00007fffcffb7000 	C:\Program Files\Java\jdk-26.0.1\bin\jli.dll
0x00007fffcff80000 - 0x00007fffcff9e000 	C:\Program Files\Java\jdk-26.0.1\bin\VCRUNTIME140.dll
0x00007ff84bf50000 - 0x00007ff84c117000 	C:\WINDOWS\System32\USER32.dll
0x00007ff84a000000 - 0x00007ff84a027000 	C:\WINDOWS\System32\win32u.dll
0x00007ff84b4e0000 - 0x00007ff84b50b000 	C:\WINDOWS\System32\GDI32.dll
0x00007ff849a20000 - 0x00007ff849b4b000 	C:\WINDOWS\System32\gdi32full.dll
0x00007ff82a620000 - 0x00007ff82a8b2000 	C:\WINDOWS\WinSxS\amd64_microsoft.windows.common-controls_6595b64144ccf1df_6.0.26100.8521_none_3e08b75ce33403b3\COMCTL32.dll
0x00007ff8497f0000 - 0x00007ff849893000 	C:\WINDOWS\System32\msvcp_win.dll
0x00007ff84c3c0000 - 0x00007ff84c469000 	C:\WINDOWS\System32\msvcrt.dll
0x00007ff84b8e0000 - 0x00007ff84b912000 	C:\WINDOWS\System32\IMM32.DLL
0x00007fffc8430000 - 0x00007fffc843c000 	C:\Program Files\Java\jdk-26.0.1\bin\vcruntime140_1.dll
0x00007fffabf20000 - 0x00007fffabfad000 	C:\Program Files\Java\jdk-26.0.1\bin\msvcp140.dll
0x00007fff3e4d0000 - 0x00007fff3f39e000 	C:\Program Files\Java\jdk-26.0.1\bin\server\jvm.dll
0x00007ff84c270000 - 0x00007ff84c326000 	C:\WINDOWS\System32\ADVAPI32.dll
0x00007ff84b920000 - 0x00007ff84b9ca000 	C:\WINDOWS\System32\sechost.dll
0x00007ff84b3c0000 - 0x00007ff84b4d8000 	C:\WINDOWS\System32\RPCRT4.dll
0x00007ff84c330000 - 0x00007ff84c3b0000 	C:\WINDOWS\System32\WS2_32.dll
0x00007ff849650000 - 0x00007ff8496ae000 	C:\WINDOWS\SYSTEM32\POWRPROF.dll
0x00007ff8462f0000 - 0x00007ff846326000 	C:\WINDOWS\SYSTEM32\WINMM.dll
0x00007ff842320000 - 0x00007ff84232b000 	C:\WINDOWS\SYSTEM32\VERSION.dll
0x00007ff849630000 - 0x00007ff849644000 	C:\WINDOWS\SYSTEM32\UMPDC.dll
0x00007ff848540000 - 0x00007ff84855b000 	C:\WINDOWS\SYSTEM32\kernel.appcore.dll
0x00007fffb1e70000 - 0x00007fffb1e7a000 	C:\Program Files\Java\jdk-26.0.1\bin\jimage.dll
0x00007ff846d90000 - 0x00007ff846fd2000 	C:\WINDOWS\SYSTEM32\DBGHELP.DLL
0x00007ff84a4f0000 - 0x00007ff84a873000 	C:\WINDOWS\System32\combase.dll
0x00007ff84b9e0000 - 0x00007ff84bab9000 	C:\WINDOWS\System32\OLEAUT32.dll
0x00007ff828f60000 - 0x00007ff828f9b000 	C:\WINDOWS\SYSTEM32\dbgcore.DLL
0x00007ff849f50000 - 0x00007ff849ff8000 	C:\WINDOWS\System32\bcryptPrimitives.dll
0x00007fffaeb60000 - 0x00007fffaeb70000 	C:\Program Files\Java\jdk-26.0.1\bin\instrument.dll
0x00007fffb0750000 - 0x00007fffb076f000 	C:\Program Files\Java\jdk-26.0.1\bin\java.dll
0x00007ff84b510000 - 0x00007ff84b6a8000 	C:\WINDOWS\System32\ole32.dll
0x00007ff84a920000 - 0x00007ff84b0a4000 	C:\WINDOWS\System32\SHELL32.dll
0x00007ff847380000 - 0x00007ff847c00000 	C:\WINDOWS\SYSTEM32\windows.storage.dll
0x00007ff84a3f0000 - 0x00007ff84a4e6000 	C:\WINDOWS\System32\SHCORE.dll
0x00007ff84c200000 - 0x00007ff84c267000 	C:\WINDOWS\System32\shlwapi.dll
0x00007ff849710000 - 0x00007ff849739000 	C:\WINDOWS\SYSTEM32\profapi.dll
0x00007fffac790000 - 0x00007fffac7a7000 	C:\Program Files\Java\jdk-26.0.1\bin\zip.dll
0x00007fffb04c0000 - 0x00007fffb04d2000 	C:\Program Files\Java\jdk-26.0.1\bin\net.dll
0x00007ff848a90000 - 0x00007ff848afc000 	C:\WINDOWS\system32\mswsock.dll
0x00007fffac7b0000 - 0x00007fffac7c6000 	C:\Program Files\Java\jdk-26.0.1\bin\nio.dll
0x00007fffacac0000 - 0x00007fffacac9000 	C:\Program Files\Java\jdk-26.0.1\bin\extnet.dll
0x000002d035a70000 - 0x000002d035a73000 	C:\Users\user\.openjfx\cache\21+31\amd64\api-ms-win-core-console-l1-1-0.dll
0x000002d035a80000 - 0x000002d035a83000 	C:\Users\user\.openjfx\cache\21+31\amd64\api-ms-win-core-console-l1-2-0.dll
0x000002d057f20000 - 0x000002d057f23000 	C:\Users\user\.openjfx\cache\21+31\amd64\api-ms-win-core-datetime-l1-1-0.dll
0x000002d057f30000 - 0x000002d057f33000 	C:\Users\user\.openjfx\cache\21+31\amd64\api-ms-win-core-debug-l1-1-0.dll
0x000002d057f40000 - 0x000002d057f43000 	C:\Users\user\.openjfx\cache\21+31\amd64\api-ms-win-core-errorhandling-l1-1-0.dll
0x000002d057f50000 - 0x000002d057f54000 	C:\Users\user\.openjfx\cache\21+31\amd64\api-ms-win-core-file-l1-1-0.dll
0x000002d057f60000 - 0x000002d057f63000 	C:\Users\user\.openjfx\cache\21+31\amd64\api-ms-win-core-file-l1-2-0.dll
0x000002d057f70000 - 0x000002d057f73000 	C:\Users\user\.openjfx\cache\21+31\amd64\api-ms-win-core-file-l2-1-0.dll
0x000002d057f80000 - 0x000002d057f83000 	C:\Users\user\.openjfx\cache\21+31\amd64\api-ms-win-core-handle-l1-1-0.dll
0x000002d057f90000 - 0x000002d057f93000 	C:\Users\user\.openjfx\cache\21+31\amd64\api-ms-win-core-heap-l1-1-0.dll
0x000002d057fa0000 - 0x000002d057fa3000 	C:\Users\user\.openjfx\cache\21+31\amd64\api-ms-win-core-interlocked-l1-1-0.dll
0x000002d057fb0000 - 0x000002d057fb3000 	C:\Users\user\.openjfx\cache\21+31\amd64\api-ms-win-core-libraryloader-l1-1-0.dll
0x000002d057fc0000 - 0x000002d057fc3000 	C:\Users\user\.openjfx\cache\21+31\amd64\api-ms-win-core-localization-l1-2-0.dll
0x000002d057fd0000 - 0x000002d057fd3000 	C:\Users\user\.openjfx\cache\21+31\amd64\api-ms-win-core-memory-l1-1-0.dll
0x000002d057fe0000 - 0x000002d057fe3000 	C:\Users\user\.openjfx\cache\21+31\amd64\api-ms-win-core-namedpipe-l1-1-0.dll
0x000002d057ff0000 - 0x000002d057ff3000 	C:\Users\user\.openjfx\cache\21+31\amd64\api-ms-win-core-processenvironment-l1-1-0.dll
0x000002d05c400000 - 0x000002d05c403000 	C:\Users\user\.openjfx\cache\21+31\amd64\api-ms-win-core-processthreads-l1-1-0.dll
0x000002d05c410000 - 0x000002d05c413000 	C:\Users\user\.openjfx\cache\21+31\amd64\api-ms-win-core-processthreads-l1-1-1.dll
0x000002d05c420000 - 0x000002d05c423000 	C:\Users\user\.openjfx\cache\21+31\amd64\api-ms-win-core-profile-l1-1-0.dll
0x000002d05c430000 - 0x000002d05c433000 	C:\Users\user\.openjfx\cache\21+31\amd64\api-ms-win-core-rtlsupport-l1-1-0.dll
0x000002d05c440000 - 0x000002d05c443000 	C:\Users\user\.openjfx\cache\21+31\amd64\api-ms-win-core-string-l1-1-0.dll
0x000002d05c450000 - 0x000002d05c453000 	C:\Users\user\.openjfx\cache\21+31\amd64\api-ms-win-core-synch-l1-1-0.dll
0x000002d05c460000 - 0x000002d05c463000 	C:\Users\user\.openjfx\cache\21+31\amd64\api-ms-win-core-synch-l1-2-0.dll
0x000002d05c470000 - 0x000002d05c473000 	C:\Users\user\.openjfx\cache\21+31\amd64\api-ms-win-core-sysinfo-l1-1-0.dll
0x000002d05c480000 - 0x000002d05c483000 	C:\Users\user\.openjfx\cache\21+31\amd64\api-ms-win-core-timezone-l1-1-0.dll
0x000002d05c490000 - 0x000002d05c493000 	C:\Users\user\.openjfx\cache\21+31\amd64\api-ms-win-core-util-l1-1-0.dll
0x000002d05c4a0000 - 0x000002d05c4a3000 	C:\Users\user\.openjfx\cache\21+31\amd64\api-ms-win-crt-conio-l1-1-0.dll
0x000002d05c4b0000 - 0x000002d05c4b4000 	C:\Users\user\.openjfx\cache\21+31\amd64\api-ms-win-crt-convert-l1-1-0.dll
0x000002d05c4c0000 - 0x000002d05c4c3000 	C:\Users\user\.openjfx\cache\21+31\amd64\api-ms-win-crt-environment-l1-1-0.dll
0x000002d05c4d0000 - 0x000002d05c4d3000 	C:\Users\user\.openjfx\cache\21+31\amd64\api-ms-win-crt-filesystem-l1-1-0.dll
0x000002d05c4e0000 - 0x000002d05c4e3000 	C:\Users\user\.openjfx\cache\21+31\amd64\api-ms-win-crt-heap-l1-1-0.dll
0x000002d05c4f0000 - 0x000002d05c4f3000 	C:\Users\user\.openjfx\cache\21+31\amd64\api-ms-win-crt-locale-l1-1-0.dll
0x000002d05c500000 - 0x000002d05c505000 	C:\Users\user\.openjfx\cache\21+31\amd64\api-ms-win-crt-math-l1-1-0.dll
0x000002d05c510000 - 0x000002d05c515000 	C:\Users\user\.openjfx\cache\21+31\amd64\api-ms-win-crt-multibyte-l1-1-0.dll
0x000002d05c520000 - 0x000002d05c530000 	C:\Users\user\.openjfx\cache\21+31\amd64\api-ms-win-crt-private-l1-1-0.dll
0x000002d05c530000 - 0x000002d05c533000 	C:\Users\user\.openjfx\cache\21+31\amd64\api-ms-win-crt-process-l1-1-0.dll
0x000002d05c540000 - 0x000002d05c544000 	C:\Users\user\.openjfx\cache\21+31\amd64\api-ms-win-crt-runtime-l1-1-0.dll
0x000002d05c550000 - 0x000002d05c554000 	C:\Users\user\.openjfx\cache\21+31\amd64\api-ms-win-crt-stdio-l1-1-0.dll
0x000002d05dd30000 - 0x000002d05dd34000 	C:\Users\user\.openjfx\cache\21+31\amd64\api-ms-win-crt-string-l1-1-0.dll
0x000002d05dd40000 - 0x000002d05dd43000 	C:\Users\user\.openjfx\cache\21+31\amd64\api-ms-win-crt-time-l1-1-0.dll
0x000002d05dd50000 - 0x000002d05dd53000 	C:\Users\user\.openjfx\cache\21+31\amd64\api-ms-win-crt-utility-l1-1-0.dll
0x00007fff7cdb0000 - 0x00007fff7ceac000 	C:\Users\user\.openjfx\cache\21+31\amd64\ucrtbase.dll
0x00007fffac770000 - 0x00007fffac78b000 	C:\Users\user\.openjfx\cache\21+31\amd64\vcruntime140.dll
0x00007fffac760000 - 0x00007fffac76c000 	C:\Users\user\.openjfx\cache\21+31\amd64\vcruntime140_1.dll
0x00007fffab130000 - 0x00007fffab1be000 	C:\Users\user\.openjfx\cache\21+31\amd64\msvcp140.dll
0x00007fffac5e0000 - 0x00007fffac5e9000 	C:\Users\user\.openjfx\cache\21+31\amd64\msvcp140_1.dll
0x00007fffabef0000 - 0x00007fffabf1f000 	C:\Users\user\.openjfx\cache\21+31\amd64\msvcp140_2.dll
0x00007fffab4c0000 - 0x00007fffab4ef000 	C:\Users\user\.openjfx\cache\21+31\amd64\prism_d3d.dll
0x00007fffbfb00000 - 0x00007fffbfcb1000 	C:\WINDOWS\system32\d3d9.dll
0x00007ff846780000 - 0x00007ff8467af000 	C:\WINDOWS\SYSTEM32\dwmapi.dll
0x00007ff8467d0000 - 0x00007ff846814000 	C:\WINDOWS\SYSTEM32\dxcore.dll
0x00007ff846510000 - 0x00007ff8465ba000 	C:\WINDOWS\system32\uxtheme.dll
0x00007fff54700000 - 0x00007fff5499f000 	C:\WINDOWS\System32\DriverStore\FileRepository\iigd_dch.inf_amd64_c0019c00f744e631\igdumdim64.dll
0x00007fff3c830000 - 0x00007fff3e4cd000 	C:\WINDOWS\System32\DriverStore\FileRepository\iigd_dch.inf_amd64_c0019c00f744e631\igd9trinity64.dll
0x00007ff846620000 - 0x00007ff84675a000 	C:\WINDOWS\system32\dxgi.dll
0x00007ff83d920000 - 0x00007ff83decb000 	C:\WINDOWS\System32\DriverStore\FileRepository\iigd_dch.inf_amd64_c0019c00f744e631\igdgmm64.dll
0x00007ff837fa0000 - 0x00007ff83d254000 	C:\WINDOWS\System32\DriverStore\FileRepository\iigd_dch.inf_amd64_c0019c00f744e631\igc64.dll
0x00007fffbf510000 - 0x00007fffbf55e000 	C:\WINDOWS\SYSTEM32\ControlLib.dll
0x00007ff849380000 - 0x00007ff8493d1000 	C:\WINDOWS\SYSTEM32\CFGMGR32.dll
0x00007ff80f040000 - 0x00007ff80f0f2000 	C:\WINDOWS\System32\DriverStore\FileRepository\iigd_dch.inf_amd64_c0019c00f744e631\IntelControlLib.dll
0x00007ff844dd0000 - 0x00007ff845031000 	C:\WINDOWS\SYSTEM32\d3d11.dll
0x00007ff842350000 - 0x00007ff8423af000 	C:\WINDOWS\SYSTEM32\directxdatabasehelper.dll
0x00007fff3b0c0000 - 0x00007fff3c82b000 	C:\WINDOWS\System32\DriverStore\FileRepository\iigd_dch.inf_amd64_c0019c00f744e631\igd9dxva64.dll
0x00007ff84bac0000 - 0x00007ff84bf47000 	C:\WINDOWS\System32\SETUPAPI.dll
0x00007ff82a980000 - 0x00007ff82ca53000 	C:\WINDOWS\System32\DriverStore\FileRepository\iigd_dch.inf_amd64_c0019c00f744e631\media_bin_64.dll
0x00007fffab470000 - 0x00007fffab4b2000 	C:\Users\user\.openjfx\cache\21+31\amd64\glass.dll
0x00007ff84a2e0000 - 0x00007ff84a3d2000 	C:\WINDOWS\System32\COMDLG32.dll
0x00007ff84b780000 - 0x00007ff84b8dd000 	C:\WINDOWS\System32\MSCTF.dll
0x00007fff5b330000 - 0x00007fff5b4d1000 	C:\WINDOWS\System32\DriverStore\FileRepository\iigd_dch.inf_amd64_c0019c00f744e631\igdml64.dll
0x00007ff82a950000 - 0x00007ff82a978000 	C:\WINDOWS\System32\DriverStore\FileRepository\iigd_dch.inf_amd64_c0019c00f744e631\igdinfo64.dll
0x00007ff848e90000 - 0x00007ff848eab000 	C:\WINDOWS\SYSTEM32\CRYPTSP.dll
0x00007ff8484a0000 - 0x00007ff8484d9000 	C:\WINDOWS\system32\rsaenh.dll
0x00007ff848cf0000 - 0x00007ff848cfc000 	C:\WINDOWS\SYSTEM32\CRYPTBASE.dll
0x00007ff8496e0000 - 0x00007ff84970a000 	C:\WINDOWS\SYSTEM32\bcrypt.dll
0x00007ff848b40000 - 0x00007ff848b73000 	C:\WINDOWS\SYSTEM32\USERENV.dll
0x00007ff847f80000 - 0x00007ff847fb3000 	C:\WINDOWS\SYSTEM32\IPHLPAPI.DLL
0x00007ff84b2f0000 - 0x00007ff84b2fa000 	C:\WINDOWS\System32\NSI.dll
0x00007ff848020000 - 0x00007ff84816a000 	C:\WINDOWS\SYSTEM32\DNSAPI.dll
0x00007ff8488d0000 - 0x00007ff8488dd000 	C:\WINDOWS\SYSTEM32\DSPARSE.dll
0x00000000002c0000 - 0x00000000002e6000 	C:\Program Files\Bonjour\mdnsNSP.dll
0x00007ff840900000 - 0x00007ff84090b000 	C:\Windows\System32\rasadhlp.dll
0x00007ff843870000 - 0x00007ff8438f6000 	C:\WINDOWS\System32\fwpuclnt.dll

JVMTI agents:
C:\Program Files\JetBrains\IntelliJ IDEA 2026.1.1\lib\idea_rt.jar path:C:\Program Files\Java\jdk-26.0.1\bin\instrument.dll, loaded, initialized, instrumentlib options:64072

dbghelp: loaded successfully - version: 4.0.5 - missing functions: none
symbol engine: initialized successfully - sym options: 0x614 - pdb path: .;C:\Program Files\Java\jdk-26.0.1\bin;C:\WINDOWS\SYSTEM32;C:\WINDOWS\WinSxS\amd64_microsoft.windows.common-controls_6595b64144ccf1df_6.0.26100.8521_none_3e08b75ce33403b3;C:\Program Files\Java\jdk-26.0.1\bin\server;C:\Users\user\.openjfx\cache\21+31\amd64;C:\WINDOWS\System32\DriverStore\FileRepository\iigd_dch.inf_amd64_c0019c00f744e631;C:\Program Files\Bonjour;C:\Program Files\Common Files\Microsoft Shared\Ink

VM Arguments:
jvm_args: -javaagent:C:\Program Files\JetBrains\IntelliJ IDEA 2026.1.1\lib\idea_rt.jar=64072 -Dfile.encoding=UTF-8 -Dsun.stdout.encoding=UTF-8 -Dsun.stderr.encoding=UTF-8 
java_command: sn.epf.pointage.Launcher
java_class_path (initial): C:\CSI3\Semestre6\Java\gestion-app\pointage_epf_africa\target\classes;C:\Users\user\.m2\repository\org\openjfx\javafx-controls\21\javafx-controls-21.jar;C:\Users\user\.m2\repository\org\openjfx\javafx-controls\21\javafx-controls-21-win.jar;C:\Users\user\.m2\repository\org\openjfx\javafx-graphics\21\javafx-graphics-21.jar;C:\Users\user\.m2\repository\org\openjfx\javafx-graphics\21\javafx-graphics-21-win.jar;C:\Users\user\.m2\repository\org\openjfx\javafx-base\21\javafx-base-21.jar;C:\Users\user\.m2\repository\org\openjfx\javafx-base\21\javafx-base-21-win.jar;C:\Users\user\.m2\repository\org\openjfx\javafx-fxml\21\javafx-fxml-21.jar;C:\Users\user\.m2\repository\org\openjfx\javafx-fxml\21\javafx-fxml-21-win.jar;C:\Users\user\.m2\repository\org\hibernate\orm\hibernate-core\6.4.4.Final\hibernate-core-6.4.4.Final.jar;C:\Users\user\.m2\repository\jakarta\persistence\jakarta.persistence-api\3.1.0\jakarta.persistence-api-3.1.0.jar;C:\Users\user\.m2\repository\jakarta\transaction\jakarta.transaction-api\2.0.1\jakarta.transaction-api-2.0.1.jar;C:\Users\user\.m2\repository\org\jboss\logging\jboss-logging\3.5.0.Final\jboss-logging-3.5.0.Final.jar;C:\Users\user\.m2\repository\org\hibernate\common\hibernate-commons-annotations\6.0.6.Final\hibernate-commons-annotations-6.0.6.Final.jar;C:\Users\user\.m2\repository\io\smallrye\jandex\3.1.2\jandex-3.1.2.jar;C:\Users\user\.m2\repository\com\fasterxml\classmate\1.5.1\classmate-1.5.1.jar;C:\Users\user\.m2\repository\net\bytebuddy\byte-buddy\1.14.11\byte-buddy-1.14.11.jar;C:\Users\user\.m2\repository\jakarta\xml\bind\jakarta.xml.bind-api\4.0.0\jakarta.xml.bind-api-4.0.0.jar;C:\Users\user\.m2\repository\jakarta\activation\jakarta.activation-api\2.1.0\jakarta.activation-api-2.1.0.jar;C:\Users\user\.m2\repository\org\glassfish\jaxb\jaxb-runtime\4.0.2\jaxb-runtime-4.0.2.jar;C:\Users\user\.m2\repository\org\glassfish\jaxb\jaxb-core\4.0.2\jaxb-core-4.0.2.jar;C:\Users\user\.m2\repository\org\eclipse\angus\angus-activation\2.0.0\angus-activation-2.0.0.jar;C:\Users\user\.m2\repository\org\glassfish\jaxb\txw2\4.0.2\txw2-4.0.2.jar;C:\Users\user\.m2\repository\com\sun\istack\istack-commons-runtime\4.1.1\istack-commons-runtime-4.1.1.jar;C:\Users\user\.m2\repository\jakarta\inject\jakarta.inject-api\2.0.1\jakarta.inject-api-2.0.1.jar;C:\Users\user\.m2\repository\org\antlr\antlr4-runtime\4.13.0\antlr4-runtime-4.13.0.jar;C:\Users\user\.m2\repository\com\mysql\mysql-connector-j\8.3.0\mysql-connector-j-8.3.0.jar;C:\Users\user\.m2\repository\com\google\protobuf\protobuf-java\3.25.1\protobuf-java-3.25.1.jar;C:\Users\user\.m2\repository\org\mindrot\jbcrypt\0.4\jbcrypt-0.4.jar;C:\Users\user\.m2\repository\net\sf\jasperreports\jasperreports\6.21.0\jasperreports-6.21.0.jar;C:\Users\user\.m2\repository\commons-beanutils\commons-beanutils\1.9.4\commons-beanutils-1.9.4.jar;C:\Users\user\.m2\repository\commons-collections\commons-collections\3.2.2\commons-collections-3.2.2.jar;C:\Users\user\.m2\repository\commons-digester\commons-digester\2.1\commons-digester-2.1.jar;C:\Users\user\.m2\repository\commons-logging\commons-logging\1.1.1\commons-logging-1.1.1.jar;C:\Users\user\.m2\repository\org\apache\commons\commons-collections4\4.2\commons-collections4-4.2.jar;C:\Users\user\.m2\repository\com\github\librepdf\openpdf\1.3.30.jaspersoft.3\openpdf-1.3.30.jaspersoft.3.jar;C:\Users\user\.m2\repository\org\jfree\jcommon\1.0.23\jcommon-1.0.23.jar;C:\Users\user\.m2\repository\org\jfree\jfreechart\1.0.19\jfreechart-1.0.19.jar;C:\Users\user\.m2\repository\org\eclipse\jdt\ecj\3.21.0\ecj-3.21.0.jar;C:\Users\user\.m2\repository\com\fasterxml\jackson\core\jackson-core\2.15.3\jackson-core-2.15.3.jar;C:\Users\user\.m2\repository\com\fasterxml\jackson\core\jackson-databind\2.15.3\jackson-databind-2.15.3.jar;C:\Users\user\.m2\repository\com\fasterxml\jackson\core\jackson-annotations\2.15.3\jackson-annotations-2.15.3.jar;C:\Users\user\.m2\repository\com\fasterxml\jackson\dataformat\jackson-dataformat-xml\2.15.3\jackson-dataformat-xml-2.15.3.jar;C:\Users\user\.m2\repository\org\codehaus\woodstox\stax2-api\4.2.1\stax2-api-4.2.1.jar;C:\Users\user\.m2\repository\com\fasterxml\woodstox\woodstox-core\6.5.1\woodstox-core-6.5.1.jar;C:\Users\user\.m2\repository\com\sun\mail\jakarta.mail\2.0.1\jakarta.mail-2.0.1.jar;C:\Users\user\.m2\repository\com\sun\activation\jakarta.activation\2.0.1\jakarta.activation-2.0.1.jar
Launcher Type: SUN_STANDARD

[Global flags]
     bool AOTAdapterCaching                        = false                                  {diagnostic} {ergonomic}
     bool AOTInvokeDynamicLinking                  = false                                  {diagnostic} {ergonomic}
     bool AOTRecordTraining                        = false                                  {diagnostic} {ergonomic}
     bool AOTReplayTraining                        = false                                  {diagnostic} {ergonomic}
     bool AOTStubCaching                           = false                                  {diagnostic} {ergonomic}
     intx CICompilerCount                          = 4                                         {product} {ergonomic}
     uint ConcGCThreads                            = 3                                         {product} {ergonomic}
     uint G1ConcRefinementThreads                  = 10                                        {product} {ergonomic}
     uint G1EagerReclaimRemSetThreshold            = 16                                   {experimental} {ergonomic}
   size_t G1HeapRegionSize                         = 2097152                                   {product} {ergonomic}
     uint G1RemSetArrayOfCardsEntries              = 16                                   {experimental} {ergonomic}
     uint G1RemSetHowlMaxNumBuckets                = 8                                    {experimental} {ergonomic}
     uint G1RemSetHowlNumBuckets                   = 8                                    {experimental} {ergonomic}
   size_t InitialHeapSize                          = 8388608                                   {product} {ergonomic}
     bool IntelJccErratumMitigation                = false                             {ARCH diagnostic} {ergonomic}
   size_t MarkStackSize                            = 4194304                                   {product} {ergonomic}
   size_t MarkStackSizeMax                         = 536870912                                 {product} {ergonomic}
   size_t MaxHeapSize                              = 4213178368                                {product} {ergonomic}
   size_t MaxNewSize                               = 2527068160                                {product} {ergonomic}
 uint64_t MaxRAM                                   = 16848252928                               {product} {ergonomic}
   size_t MinHeapDeltaBytes                        = 2097152                                   {product} {ergonomic}
   size_t MinHeapSize                              = 8388608                                   {product} {ergonomic}
   size_t NonNMethodCodeHeapSize                   = 5898240                                {pd product} {ergonomic}
   size_t NonProfiledCodeHeapSize                  = 122945536                              {pd product} {ergonomic}
   size_t ProfiledCodeHeapSize                     = 122945536                              {pd product} {ergonomic}
   size_t ReservedCodeCacheSize                    = 251789312                              {pd product} {ergonomic}
     bool SegmentedCodeCache                       = true                                      {product} {ergonomic}
   size_t SoftMaxHeapSize                          = 4213178368                             {manageable} {ergonomic}
     bool UseCompressedOops                        = true                           {product lp64_product} {ergonomic}
     bool UseCondCardMark                          = true                                      {product} {ergonomic}
     bool UseFastUnorderedTimeStamps               = true                                 {experimental} {ergonomic}
     bool UseG1GC                                  = true                                      {product} {ergonomic}
     bool UseLargePagesIndividualAllocation        = false                                  {pd product} {ergonomic}
      int X86ICacheSync                            = 3                                 {ARCH diagnostic} {ergonomic}

Logging:
Log output configuration:
 #0: stdout all=warning uptime,level,tags foldmultilines=false
 #1: stderr all=off uptime,level,tags foldmultilines=false

Release file:
IMPLEMENTOR="Oracle Corporation" 
JAVA_RUNTIME_VERSION="26.0.1+8-34" 
JAVA_VERSION="26.0.1" 
JAVA_VERSION_DATE="2026-04-21" 
LIBC="default" 
MODULES="java.base java.compiler java.datatransfer java.xml java.prefs java.desktop java.instrument java.logging java.management java.security.sasl java.naming java.rmi java.management.rmi java.net.http java.scripting java.security.jgss java.transaction.xa java.sql java.sql.rowset java.xml.crypto java.se java.smartcardio jdk.accessibility jdk.internal.jvmstat jdk.attach jdk.charsets jdk.internal.opt jdk.zipfs jdk.compiler jdk.crypto.cryptoki jdk.crypto.ec jdk.crypto.mscapi jdk.dynalink jdk.internal.ed jdk.editpad jdk.internal.vm.ci jdk.graal.compiler jdk.graal.compiler.management jdk.hotspot.agent jdk.httpserver jdk.incubator.vector jdk.internal.le jdk.internal.md jdk.jartool jdk.javadoc jdk.jcmd jdk.management jdk.management.agent jdk.jconsole jdk.jdeps jdk.jdwp.agent jdk.jdi jdk.jfr jdk.jlink jdk.jpackage jdk.jshell jdk.jstatd jdk.localedata jdk.management.jfr jdk.naming.dns jdk.naming.rmi jdk.net jdk.nio.mapmode jdk.sctp jdk.security.auth jdk.security.jgss jdk.unsupported jdk.unsupported.desktop jdk.xml.dom" 
OS_ARCH="x86_64" 
OS_NAME="Windows" 
SOURCE=".:git:8fcde8268d22 open:git:fcc00fc4aee7" 

Environment Variables:
PATH=C:\Program Files\Common Files\Oracle\Java\javapath;C:\Program Files (x86)\VMware\VMware Workstation\bin\;C:\WINDOWS\system32;C:\WINDOWS;C:\WINDOWS\System32\Wbem;C:\WINDOWS\System32\WindowsPowerShell\v1.0\;C:\WINDOWS\System32\OpenSSH\;C:\Program Files (x86)\HP\Common\HPDestPlgIn\;C:\Program Files (x86)\HP\IdrsOCR_15.3.1129.0\;C:\xampp\php\php.exe;C:\xampp\php\composer.phar;C:\xampp\php\composer.bat;C:\Program Files (x86)\Microsoft SQL Server\160\Tools\Binn\;C:\Program Files\Microsoft SQL Server\160\Tools\Binn\;C:\Program Files\Microsoft SQL Server\Client SDK\ODBC\170\Tools\Binn\;C:\Program Files\Microsoft SQL Server\160\DTS\Binn\;C:\Program Files (x86)\Microsoft SQL Server\160\DTS\Binn\;C:\Program Files\Azure Data Studio\bin;C:\ProgramData\ComposerSetup\bin;C:\xampp\php;C:\Program Files\Git\cmd;C:\Program Files\nodejs\;C:\Program Files\Docker\Docker\resources\bin;C:\Program Files\PowerShell\7\;C:\Users\user\AppData\Local\Microsoft\WindowsApps;C:\Program Files (x86)\HP\Common\HPDestPlgIn\;C:\xampp\php;C:\xampp\php\windowsXamppPhp\php.exe;C:\xampp\php;C:\Users\user\AppData\Local\GitHubDesktop\bin;C:\Program Files\Azure Data Studio\bin;C:\Users\user\AppData\Roaming\Composer\vendor\bin;C:\Users\user\AppData\Roaming\npm;C:\Users\user\AppData\Local\Microsoft\WinGet\Packages\GitTower.GitFlowNext_Microsoft.Winget.Source_8wekyb3d8bbwe;C:\Users\user\AppData\Local\Programs\Microsoft VS Code\bin;C:\Users\user\AppData\Local\Programs\Windsurf\bin;C:\Users\user\AppData\Local\Programs\cursor\resources\app\bin;C:\Program Files\JetBrains\IntelliJ IDEA 2026.1.1\bin;C:\Users\user\AppData\Local\Programs\Antigravity\bin;C:\yessain\flutter\bin;C:\Users\user\AppData\Local\Programs\Devin\bin
USERNAME=user
OS=Windows_NT
PROCESSOR_IDENTIFIER=Intel64 Family 6 Model 154 Stepping 4, GenuineIntel
TMP=C:\Users\user\AppData\Local\Temp
TEMP=C:\Users\user\AppData\Local\Temp




Compilation memory statistics disabled.

Periodic native trim disabled

---------------  S Y S T E M  ---------------

OS:
 Windows 11 , 64 bit Build 26100 (10.0.26100.8521)
OS uptime: 0 days 21:37 hours
Hyper-V role detected

CPU: total 12 (initial active 12) (hybrid) family 6 model 154 stepping 4 microcode 0x429, cx8, cmov, fxsr, ht, mmx, 3dnowpref, sse, sse2, sse3, ssse3, sse4.1, sse4.2, popcnt, lzcnt, tsc, tscinvbit, avx, avx2, aes, erms, clmul, bmi1, bmi2, adx, sha, fma, vzeroupper, clflush, clflushopt, clwb, hv, serialize, rdtscp, rdpid, fsrm, gfni, f16c, cet_ibt, cet_ss, hybrid
Processor Information for processor 0
  Max Mhz: 1700, Current Mhz: 1457, Mhz Limit: 1700
Processor Information for processor 1
  Max Mhz: 1700, Current Mhz: 1457, Mhz Limit: 1700
Processor Information for processor 2
  Max Mhz: 1700, Current Mhz: 1457, Mhz Limit: 1700
Processor Information for processor 3
  Max Mhz: 1700, Current Mhz: 1457, Mhz Limit: 1700
Processor Information for processor 4
  Max Mhz: 1700, Current Mhz: 1200, Mhz Limit: 1190
Processor Information for processor 5
  Max Mhz: 1700, Current Mhz: 1200, Mhz Limit: 1190
Processor Information for processor 6
  Max Mhz: 1700, Current Mhz: 1200, Mhz Limit: 1190
Processor Information for processor 7
  Max Mhz: 1700, Current Mhz: 1200, Mhz Limit: 1190
Processor Information for processor 8
  Max Mhz: 1700, Current Mhz: 1200, Mhz Limit: 1190
Processor Information for processor 9
  Max Mhz: 1700, Current Mhz: 1200, Mhz Limit: 1190
Processor Information for processor 10
  Max Mhz: 1700, Current Mhz: 1200, Mhz Limit: 1190
Processor Information for processor 11
  Max Mhz: 1700, Current Mhz: 1200, Mhz Limit: 1190

Memory: 4k page, system-wide physical 16067M (847M free)
TotalPageFile size 56367M (AvailPageFile size 223M)
current process WorkingSet (physical memory assigned to process): 47M, peak: 381M
current process commit charge ("private bytes"): 803M, peak: 850M

vm_info: Java HotSpot(TM) 64-Bit Server VM (26.0.1+8-34) for windows-amd64 JRE (26.0.1+8-34), built on 2026-03-10T17:24:10Z with MS VC++ 17.13 (VS2022)

END.
